[0.122s] Invoking command in '/home/hp/src/ros/fishbot_navigation2/build/fishbot_navigation2': /usr/bin/cmake /home/hp/src/ros/fishbot_navigation2 -DCMAKE_INSTALL_PREFIX=/home/hp/src/ros/fishbot_navigation2/install/fishbot_navigation2
[0.132s] -- Found ament_cmake: 1.3.6 (/opt/ros/humble/share/ament_cmake/cmake)
[0.254s] -- Found ament_lint_auto: 0.12.9 (/opt/ros/humble/share/ament_lint_auto/cmake)
[0.295s] Error parsing '/home/hp/src/ros/fishbot_navigation2/package.xml':
[0.331s] Traceback (most recent call last):
[0.331s]   File "/opt/ros/humble/share/ament_cmake_core/cmake/core/package_xml_2_cmake.py", line 150, in <module>
[0.331s]     main()
[0.331s]   File "/opt/ros/humble/share/ament_cmake_core/cmake/core/package_xml_2_cmake.py", line 53, in main
[0.331s]     raise e
[0.331s]   File "/opt/ros/humble/share/ament_cmake_core/cmake/core/package_xml_2_cmake.py", line 49, in main
[0.332s]     package = parse_package_string(
[0.332s]   File "/usr/lib/python3/dist-packages/catkin_pkg/package.py", line 786, in parse_package_string
[0.332s]     raise InvalidPackage('Error(s):%s' % (''.join(['\n- %s' % e for e in errors])), filename)
[0.332s] catkin_pkg.package.InvalidPackage: Error(s) in package '/home/hp/src/ros/fishbot_navigation2/package.xml':
[0.332s] Error(s):
[0.332s] - The generic dependency on 'nav2_bringup' is redundant with: exec_depend
[0.346s] [31mCMake Error at /opt/ros/humble/share/ament_cmake_core/cmake/core/ament_package_xml.cmake:95 (message):
[0.346s]   execute_process(/usr/bin/python3.10
[0.347s]   /opt/ros/humble/share/ament_cmake_core/cmake/core/package_xml_2_cmake.py
[0.347s]   /home/hp/src/ros/fishbot_navigation2/package.xml
[0.347s]   /home/hp/src/ros/fishbot_navigation2/build/fishbot_navigation2/ament_cmake_core/package.cmake)
[0.347s]   returned error code 1
[0.347s] Call Stack (most recent call first):
[0.347s]   /opt/ros/humble/share/ament_cmake_core/cmake/core/ament_package_xml.cmake:49 (_ament_package_xml)
[0.347s]   /opt/ros/humble/share/ament_lint_auto/cmake/ament_lint_auto_find_test_dependencies.cmake:31 (ament_package_xml)
[0.348s]   CMakeLists.txt:20 (ament_lint_auto_find_test_dependencies)
[0.348s] 
[0.348s] [0m
[0.348s] -- Configuring incomplete, errors occurred!
[0.348s] See also "/home/hp/src/ros/fishbot_navigation2/build/fishbot_navigation2/CMakeFiles/CMakeOutput.log".
[0.352s] Invoked command in '/home/hp/src/ros/fishbot_navigation2/build/fishbot_navigation2' returned '1': /usr/bin/cmake /home/hp/src/ros/fishbot_navigation2 -DCMAKE_INSTALL_PREFIX=/home/hp/src/ros/fishbot_navigation2/install/fishbot_navigation2
