[0.840s] Invoking command in '/home/hp/src/ros/fishbot_description': PYTHONPATH=/home/hp/src/ros/fishbot_description/build/fishbot_description/prefix_override:/home/hp/src/ros/fishbot_description/install/fishbot_description/lib/python3.10/site-packages:${PYTHONPATH} /usr/bin/python3 setup.py egg_info --egg-base build/fishbot_description build --build-base /home/hp/src/ros/fishbot_description/build/fishbot_description/build install --record /home/hp/src/ros/fishbot_description/build/fishbot_description/install.log --single-version-externally-managed
[1.034s] running egg_info
[1.034s] writing build/fishbot_description/fishbot_description.egg-info/PKG-INFO
[1.035s] writing dependency_links to build/fishbot_description/fishbot_description.egg-info/dependency_links.txt
[1.035s] writing entry points to build/fishbot_description/fishbot_description.egg-info/entry_points.txt
[1.035s] writing requirements to build/fishbot_description/fishbot_description.egg-info/requires.txt
[1.035s] writing top-level names to build/fishbot_description/fishbot_description.egg-info/top_level.txt
[1.036s] reading manifest file 'build/fishbot_description/fishbot_description.egg-info/SOURCES.txt'
[1.037s] writing manifest file 'build/fishbot_description/fishbot_description.egg-info/SOURCES.txt'
[1.037s] running build
[1.037s] running build_py
[1.038s] running install
[1.038s] /usr/lib/python3/dist-packages/setuptools/command/install.py:34: SetuptoolsDeprecationWarning: setup.py install is deprecated. Use build and pip and other standards-based tools.
[1.038s]   warnings.warn(
[1.038s] running install_lib
[1.039s] running install_data
[1.040s] running install_egg_info
[1.041s] removing '/home/hp/src/ros/fishbot_description/install/fishbot_description/lib/python3.10/site-packages/fishbot_description-0.0.0-py3.10.egg-info' (and everything under it)
[1.042s] Copying build/fishbot_description/fishbot_description.egg-info to /home/hp/src/ros/fishbot_description/install/fishbot_description/lib/python3.10/site-packages/fishbot_description-0.0.0-py3.10.egg-info
[1.042s] running install_scripts
[1.056s] writing list of installed files to '/home/hp/src/ros/fishbot_description/build/fishbot_description/install.log'
[1.073s] Invoked command in '/home/hp/src/ros/fishbot_description' returned '0': PYTHONPATH=/home/hp/src/ros/fishbot_description/build/fishbot_description/prefix_override:/home/hp/src/ros/fishbot_description/install/fishbot_description/lib/python3.10/site-packages:${PYTHONPATH} /usr/bin/python3 setup.py egg_info --egg-base build/fishbot_description build --build-base /home/hp/src/ros/fishbot_description/build/fishbot_description/build install --record /home/hp/src/ros/fishbot_description/build/fishbot_description/install.log --single-version-externally-managed
