[0.120s] Invoking command in '/home/hp/src/ros/fishbot_cartographer/build/fishbot_cartographer': CMAKE_PREFIX_PATH=${CMAKE_PREFIX_PATH}:/home/hp/src/ros/fishbot_description/install/fishbot_description:/home/hp/src/ros/new_gazebo/install/new_gazebo:/opt/ros/humble /usr/bin/cmake --build /home/hp/src/ros/fishbot_cartographer/build/fishbot_cartographer -- -j16 -l16
[0.191s] [100%] Built target laser_pub
[0.205s] Invoked command in '/home/hp/src/ros/fishbot_cartographer/build/fishbot_cartographer' returned '0': CMAKE_PREFIX_PATH=${CMAKE_PREFIX_PATH}:/home/hp/src/ros/fishbot_description/install/fishbot_description:/home/hp/src/ros/new_gazebo/install/new_gazebo:/opt/ros/humble /usr/bin/cmake --build /home/hp/src/ros/fishbot_cartographer/build/fishbot_cartographer -- -j16 -l16
[0.249s] Invoking command in '/home/hp/src/ros/fishbot_cartographer/build/fishbot_cartographer': CMAKE_PREFIX_PATH=${CMAKE_PREFIX_PATH}:/home/hp/src/ros/fishbot_description/install/fishbot_description:/home/hp/src/ros/new_gazebo/install/new_gazebo:/opt/ros/humble /usr/bin/cmake --install /home/hp/src/ros/fishbot_cartographer/build/fishbot_cartographer
[0.261s] -- Install configuration: ""
[0.261s] -- Up-to-date: /home/hp/src/ros/fishbot_cartographer/install/fishbot_cartographer/lib/fishbot_cartographer/laser_pub
[0.261s] -- Up-to-date: /home/hp/src/ros/fishbot_cartographer/install/fishbot_cartographer/share/fishbot_cartographer/config
[0.261s] -- Installing: /home/hp/src/ros/fishbot_cartographer/install/fishbot_cartographer/share/fishbot_cartographer/config/fishbot_2d.lua
[0.262s] -- Up-to-date: /home/hp/src/ros/fishbot_cartographer/install/fishbot_cartographer/share/fishbot_cartographer/launch
[0.262s] -- Up-to-date: /home/hp/src/ros/fishbot_cartographer/install/fishbot_cartographer/share/fishbot_cartographer/launch/cartographer.launch.py
[0.262s] -- Up-to-date: /home/hp/src/ros/fishbot_cartographer/install/fishbot_cartographer/share/fishbot_cartographer/rviz
[0.262s] -- Up-to-date: /home/hp/src/ros/fishbot_cartographer/install/fishbot_cartographer/share/ament_index/resource_index/package_run_dependencies/fishbot_cartographer
[0.262s] -- Up-to-date: /home/hp/src/ros/fishbot_cartographer/install/fishbot_cartographer/share/ament_index/resource_index/parent_prefix_path/fishbot_cartographer
[0.262s] -- Up-to-date: /home/hp/src/ros/fishbot_cartographer/install/fishbot_cartographer/share/fishbot_cartographer/environment/ament_prefix_path.sh
[0.262s] -- Up-to-date: /home/hp/src/ros/fishbot_cartographer/install/fishbot_cartographer/share/fishbot_cartographer/environment/ament_prefix_path.dsv
[0.262s] -- Up-to-date: /home/hp/src/ros/fishbot_cartographer/install/fishbot_cartographer/share/fishbot_cartographer/environment/path.sh
[0.262s] -- Up-to-date: /home/hp/src/ros/fishbot_cartographer/install/fishbot_cartographer/share/fishbot_cartographer/environment/path.dsv
[0.262s] -- Up-to-date: /home/hp/src/ros/fishbot_cartographer/install/fishbot_cartographer/share/fishbot_cartographer/local_setup.bash
[0.262s] -- Up-to-date: /home/hp/src/ros/fishbot_cartographer/install/fishbot_cartographer/share/fishbot_cartographer/local_setup.sh
[0.262s] -- Up-to-date: /home/hp/src/ros/fishbot_cartographer/install/fishbot_cartographer/share/fishbot_cartographer/local_setup.zsh
[0.262s] -- Up-to-date: /home/hp/src/ros/fishbot_cartographer/install/fishbot_cartographer/share/fishbot_cartographer/local_setup.dsv
[0.262s] -- Installing: /home/hp/src/ros/fishbot_cartographer/install/fishbot_cartographer/share/fishbot_cartographer/package.dsv
[0.262s] -- Up-to-date: /home/hp/src/ros/fishbot_cartographer/install/fishbot_cartographer/share/ament_index/resource_index/packages/fishbot_cartographer
[0.262s] -- Up-to-date: /home/hp/src/ros/fishbot_cartographer/install/fishbot_cartographer/share/fishbot_cartographer/cmake/fishbot_cartographerConfig.cmake
[0.262s] -- Up-to-date: /home/hp/src/ros/fishbot_cartographer/install/fishbot_cartographer/share/fishbot_cartographer/cmake/fishbot_cartographerConfig-version.cmake
[0.262s] -- Up-to-date: /home/hp/src/ros/fishbot_cartographer/install/fishbot_cartographer/share/fishbot_cartographer/package.xml
[0.265s] Invoked command in '/home/hp/src/ros/fishbot_cartographer/build/fishbot_cartographer' returned '0': CMAKE_PREFIX_PATH=${CMAKE_PREFIX_PATH}:/home/hp/src/ros/fishbot_description/install/fishbot_description:/home/hp/src/ros/new_gazebo/install/new_gazebo:/opt/ros/humble /usr/bin/cmake --install /home/hp/src/ros/fishbot_cartographer/build/fishbot_cartographer
