[0.163s] Invoking command in '/home/hp/src/ros/fishbot_navigation2/build/fishbot_navigation2': CMAKE_PREFIX_PATH=${CMAKE_PREFIX_PATH}:/home/hp/src/ros/fishbot_description/install/fishbot_description:/home/hp/src/ros/new_gazebo/install/new_gazebo:/opt/ros/humble /usr/bin/cmake --build /home/hp/src/ros/fishbot_navigation2/build/fishbot_navigation2 -- -j16 -l16
[0.213s] Invoked command in '/home/hp/src/ros/fishbot_navigation2/build/fishbot_navigation2' returned '0': CMAKE_PREFIX_PATH=${CMAKE_PREFIX_PATH}:/home/hp/src/ros/fishbot_description/install/fishbot_description:/home/hp/src/ros/new_gazebo/install/new_gazebo:/opt/ros/humble /usr/bin/cmake --build /home/hp/src/ros/fishbot_navigation2/build/fishbot_navigation2 -- -j16 -l16
[0.254s] Invoking command in '/home/hp/src/ros/fishbot_navigation2/build/fishbot_navigation2': CMAKE_PREFIX_PATH=${CMAKE_PREFIX_PATH}:/home/hp/src/ros/fishbot_description/install/fishbot_description:/home/hp/src/ros/new_gazebo/install/new_gazebo:/opt/ros/humble /usr/bin/cmake --install /home/hp/src/ros/fishbot_navigation2/build/fishbot_navigation2
[0.261s] -- Install configuration: ""
[0.261s] -- Up-to-date: /home/hp/src/ros/fishbot_navigation2/install/fishbot_navigation2/share/fishbot_navigation2/launch
[0.262s] -- Up-to-date: /home/hp/src/ros/fishbot_navigation2/install/fishbot_navigation2/share/fishbot_navigation2/launch/go.launch.py
[0.262s] -- Installing: /home/hp/src/ros/fishbot_navigation2/install/fishbot_navigation2/share/fishbot_navigation2/launch/nav.launch.py
[0.262s] -- Up-to-date: /home/hp/src/ros/fishbot_navigation2/install/fishbot_navigation2/share/fishbot_navigation2/param
[0.262s] -- Up-to-date: /home/hp/src/ros/fishbot_navigation2/install/fishbot_navigation2/share/fishbot_navigation2/param/fishbot_nav2.yaml
[0.262s] -- Up-to-date: /home/hp/src/ros/fishbot_navigation2/install/fishbot_navigation2/share/fishbot_navigation2/maps
[0.262s] -- Up-to-date: /home/hp/src/ros/fishbot_navigation2/install/fishbot_navigation2/share/fishbot_navigation2/maps/fishbot_map.pgm
[0.262s] -- Up-to-date: /home/hp/src/ros/fishbot_navigation2/install/fishbot_navigation2/share/fishbot_navigation2/maps/fishbot_map.yaml
[0.262s] -- Up-to-date: /home/hp/src/ros/fishbot_navigation2/install/fishbot_navigation2/share/ament_index/resource_index/package_run_dependencies/fishbot_navigation2
[0.262s] -- Up-to-date: /home/hp/src/ros/fishbot_navigation2/install/fishbot_navigation2/share/ament_index/resource_index/parent_prefix_path/fishbot_navigation2
[0.262s] -- Up-to-date: /home/hp/src/ros/fishbot_navigation2/install/fishbot_navigation2/share/fishbot_navigation2/environment/ament_prefix_path.sh
[0.262s] -- Up-to-date: /home/hp/src/ros/fishbot_navigation2/install/fishbot_navigation2/share/fishbot_navigation2/environment/ament_prefix_path.dsv
[0.262s] -- Up-to-date: /home/hp/src/ros/fishbot_navigation2/install/fishbot_navigation2/share/fishbot_navigation2/environment/path.sh
[0.262s] -- Up-to-date: /home/hp/src/ros/fishbot_navigation2/install/fishbot_navigation2/share/fishbot_navigation2/environment/path.dsv
[0.262s] -- Up-to-date: /home/hp/src/ros/fishbot_navigation2/install/fishbot_navigation2/share/fishbot_navigation2/local_setup.bash
[0.262s] -- Up-to-date: /home/hp/src/ros/fishbot_navigation2/install/fishbot_navigation2/share/fishbot_navigation2/local_setup.sh
[0.262s] -- Up-to-date: /home/hp/src/ros/fishbot_navigation2/install/fishbot_navigation2/share/fishbot_navigation2/local_setup.zsh
[0.262s] -- Up-to-date: /home/hp/src/ros/fishbot_navigation2/install/fishbot_navigation2/share/fishbot_navigation2/local_setup.dsv
[0.262s] -- Up-to-date: /home/hp/src/ros/fishbot_navigation2/install/fishbot_navigation2/share/fishbot_navigation2/package.dsv
[0.263s] -- Up-to-date: /home/hp/src/ros/fishbot_navigation2/install/fishbot_navigation2/share/ament_index/resource_index/packages/fishbot_navigation2
[0.263s] -- Up-to-date: /home/hp/src/ros/fishbot_navigation2/install/fishbot_navigation2/share/fishbot_navigation2/cmake/fishbot_navigation2Config.cmake
[0.263s] -- Up-to-date: /home/hp/src/ros/fishbot_navigation2/install/fishbot_navigation2/share/fishbot_navigation2/cmake/fishbot_navigation2Config-version.cmake
[0.263s] -- Up-to-date: /home/hp/src/ros/fishbot_navigation2/install/fishbot_navigation2/share/fishbot_navigation2/package.xml
[0.264s] Invoked command in '/home/hp/src/ros/fishbot_navigation2/build/fishbot_navigation2' returned '0': CMAKE_PREFIX_PATH=${CMAKE_PREFIX_PATH}:/home/hp/src/ros/fishbot_description/install/fishbot_description:/home/hp/src/ros/new_gazebo/install/new_gazebo:/opt/ros/humble /usr/bin/cmake --install /home/hp/src/ros/fishbot_navigation2/build/fishbot_navigation2
