-- Found ament_cmake: 1.3.6 (/opt/ros/humble/share/ament_cmake/cmake)
-- Found geometry_msgs: 4.2.3 (/opt/ros/humble/share/geometry_msgs/cmake)
-- Found rosidl_generator_c: 3.1.5 (/opt/ros/humble/share/rosidl_generator_c/cmake)
-- Found rosidl_adapter: 3.1.5 (/opt/ros/humble/share/rosidl_adapter/cmake)
-- Found rosidl_generator_cpp: 3.1.5 (/opt/ros/humble/share/rosidl_generator_cpp/cmake)
-- Using all available rosidl_typesupport_c: rosidl_typesupport_fastrtps_c;rosidl_typesupport_introspection_c
-- Using all available rosidl_typesupport_cpp: rosidl_typesupport_fastrtps_cpp;rosidl_typesupport_introspection_cpp
-- Found rclcpp: 16.0.7 (/opt/ros/humble/share/rclcpp/cmake)
-- Found rmw_implementation_cmake: 6.1.1 (/opt/ros/humble/share/rmw_implementation_cmake/cmake)
-- Found rmw_fastrtps_cpp: 6.2.5 (/opt/ros/humble/share/rmw_fastrtps_cpp/cmake)
-- Using RMW implementation 'rmw_fastrtps_cpp' as default
-- Found tf2: 0.25.5 (/opt/ros/humble/share/tf2/cmake)
-- Found tf2_ros: 0.25.5 (/opt/ros/humble/share/tf2_ros/cmake)
-- Found sensor_msgs: 4.2.3 (/opt/ros/humble/share/sensor_msgs/cmake)
-- Found ament_lint_auto: 0.12.9 (/opt/ros/humble/share/ament_lint_auto/cmake)
-- Added test 'cppcheck' to perform static code analysis on C / C++ code
-- Configured cppcheck include dirs: 
-- Configured cppcheck exclude dirs and/or files: 
-- Added test 'flake8' to check Python code syntax and style conventions
-- Added test 'lint_cmake' to check CMake code style
-- Added test 'pep257' to check Python code against some of the docstring style conventions in PEP 257
-- Added test 'uncrustify' to check C / C++ code style
-- Configured uncrustify additional arguments: 
-- Added test 'xmllint' to check XML markup files
-- Configuring done
-- Generating done
-- Build files have been written to: /home/hp/src/ros/fishbot_cartographer/build/fishbot_cartographer
[ 50%] [32mBuilding CXX object CMakeFiles/laser_pub.dir/src/laser_pub.cpp.o[0m
[100%] [32m[1mLinking CXX executable laser_pub[0m
[100%] Built target laser_pub
-- Install configuration: ""
-- Installing: /home/hp/src/ros/fishbot_cartographer/install/fishbot_cartographer/lib/fishbot_cartographer/laser_pub
-- Set runtime path of "/home/hp/src/ros/fishbot_cartographer/install/fishbot_cartographer/lib/fishbot_cartographer/laser_pub" to ""
-- Up-to-date: /home/hp/src/ros/fishbot_cartographer/install/fishbot_cartographer/share/fishbot_cartographer/config
-- Up-to-date: /home/hp/src/ros/fishbot_cartographer/install/fishbot_cartographer/share/fishbot_cartographer/config/fishbot_2d.lua
-- Up-to-date: /home/hp/src/ros/fishbot_cartographer/install/fishbot_cartographer/share/fishbot_cartographer/launch
-- Up-to-date: /home/hp/src/ros/fishbot_cartographer/install/fishbot_cartographer/share/fishbot_cartographer/launch/cartographer.launch.py
-- Up-to-date: /home/hp/src/ros/fishbot_cartographer/install/fishbot_cartographer/share/fishbot_cartographer/rviz
-- Up-to-date: /home/hp/src/ros/fishbot_cartographer/install/fishbot_cartographer/share/ament_index/resource_index/package_run_dependencies/fishbot_cartographer
-- Installing: /home/hp/src/ros/fishbot_cartographer/install/fishbot_cartographer/share/ament_index/resource_index/parent_prefix_path/fishbot_cartographer
-- Up-to-date: /home/hp/src/ros/fishbot_cartographer/install/fishbot_cartographer/share/fishbot_cartographer/environment/ament_prefix_path.sh
-- Installing: /home/hp/src/ros/fishbot_cartographer/install/fishbot_cartographer/share/fishbot_cartographer/environment/ament_prefix_path.dsv
-- Up-to-date: /home/hp/src/ros/fishbot_cartographer/install/fishbot_cartographer/share/fishbot_cartographer/environment/path.sh
-- Installing: /home/hp/src/ros/fishbot_cartographer/install/fishbot_cartographer/share/fishbot_cartographer/environment/path.dsv
-- Up-to-date: /home/hp/src/ros/fishbot_cartographer/install/fishbot_cartographer/share/fishbot_cartographer/local_setup.bash
-- Up-to-date: /home/hp/src/ros/fishbot_cartographer/install/fishbot_cartographer/share/fishbot_cartographer/local_setup.sh
-- Up-to-date: /home/hp/src/ros/fishbot_cartographer/install/fishbot_cartographer/share/fishbot_cartographer/local_setup.zsh
-- Installing: /home/hp/src/ros/fishbot_cartographer/install/fishbot_cartographer/share/fishbot_cartographer/local_setup.dsv
-- Installing: /home/hp/src/ros/fishbot_cartographer/install/fishbot_cartographer/share/fishbot_cartographer/package.dsv
-- Up-to-date: /home/hp/src/ros/fishbot_cartographer/install/fishbot_cartographer/share/ament_index/resource_index/packages/fishbot_cartographer
-- Up-to-date: /home/hp/src/ros/fishbot_cartographer/install/fishbot_cartographer/share/fishbot_cartographer/cmake/fishbot_cartographerConfig.cmake
-- Up-to-date: /home/hp/src/ros/fishbot_cartographer/install/fishbot_cartographer/share/fishbot_cartographer/cmake/fishbot_cartographerConfig-version.cmake
-- Up-to-date: /home/hp/src/ros/fishbot_cartographer/install/fishbot_cartographer/share/fishbot_cartographer/package.xml
