[0.118s] Invoking command in '/home/hp/src/ros/fishbot_navigation2/build/fishbot_navigation2': /usr/bin/cmake /home/hp/src/ros/fishbot_navigation2 -DCMAKE_INSTALL_PREFIX=/home/hp/src/ros/fishbot_navigation2/install/fishbot_navigation2
[0.129s] -- Found ament_cmake: 1.3.6 (/opt/ros/humble/share/ament_cmake/cmake)
[0.251s] -- Found nav2_bringup: 1.1.12 (/opt/ros/humble/share/nav2_bringup/cmake)
[0.251s] -- Found ament_lint_auto: 0.12.9 (/opt/ros/humble/share/ament_lint_auto/cmake)
[0.291s] Error parsing '/home/hp/src/ros/fishbot_navigation2/package.xml':
[0.326s] Traceback (most recent call last):
[0.326s]   File "/opt/ros/humble/share/ament_cmake_core/cmake/core/package_xml_2_cmake.py", line 150, in <module>
[0.326s]     main()
[0.326s]   File "/opt/ros/humble/share/ament_cmake_core/cmake/core/package_xml_2_cmake.py", line 53, in main
[0.326s]     raise e
[0.326s]   File "/opt/ros/humble/share/ament_cmake_core/cmake/core/package_xml_2_cmake.py", line 49, in main
[0.326s]     package = parse_package_string(
[0.326s]   File "/usr/lib/python3/dist-packages/catkin_pkg/package.py", line 786, in parse_package_string
[0.326s]     raise InvalidPackage('Error(s):%s' % (''.join(['\n- %s' % e for e in errors])), filename)
[0.326s] catkin_pkg.package.InvalidPackage: Error(s) in package '/home/hp/src/ros/fishbot_navigation2/package.xml':
[0.327s] Error(s):
[0.327s] - The generic dependency on 'nav2_bringup' is redundant with: exec_depend
[0.339s] [31mCMake Error at /opt/ros/humble/share/ament_cmake_core/cmake/core/ament_package_xml.cmake:95 (message):
[0.339s]   execute_process(/usr/bin/python3.10
[0.339s]   /opt/ros/humble/share/ament_cmake_core/cmake/core/package_xml_2_cmake.py
[0.339s]   /home/hp/src/ros/fishbot_navigation2/package.xml
[0.339s]   /home/hp/src/ros/fishbot_navigation2/build/fishbot_navigation2/ament_cmake_core/package.cmake)
[0.339s]   returned error code 1
[0.339s] Call Stack (most recent call first):
[0.339s]   /opt/ros/humble/share/ament_cmake_core/cmake/core/ament_package_xml.cmake:49 (_ament_package_xml)
[0.339s]   /opt/ros/humble/share/ament_lint_auto/cmake/ament_lint_auto_find_test_dependencies.cmake:31 (ament_package_xml)
[0.339s]   CMakeLists.txt:21 (ament_lint_auto_find_test_dependencies)
[0.339s] 
[0.339s] [0m
[0.339s] -- Configuring incomplete, errors occurred!
[0.339s] See also "/home/hp/src/ros/fishbot_navigation2/build/fishbot_navigation2/CMakeFiles/CMakeOutput.log".
[0.343s] Invoked command in '/home/hp/src/ros/fishbot_navigation2/build/fishbot_navigation2' returned '1': /usr/bin/cmake /home/hp/src/ros/fishbot_navigation2 -DCMAKE_INSTALL_PREFIX=/home/hp/src/ros/fishbot_navigation2/install/fishbot_navigation2
