[0.957s] DEBUG:colcon:Command line arguments: ['/usr/bin/colcon', 'build']
[0.957s] DEBUG:colcon:Parsed command line arguments: Namespace(log_base=None, log_level=None, verb_name='build', build_base='build', install_base='install', merge_install=False, symlink_install=False, test_result_base=None, continue_on_error=False, executor='parallel', parallel_workers=16, event_handlers=None, ignore_user_meta=False, metas=['./colcon.meta'], base_paths=['.'], packages_ignore=None, packages_ignore_regex=None, paths=None, packages_up_to=None, packages_up_to_regex=None, packages_above=None, packages_above_and_dependencies=None, packages_above_depth=None, packages_select_by_dep=None, packages_skip_by_dep=None, packages_skip_up_to=None, packages_select_build_failed=False, packages_skip_build_finished=False, packages_select_test_failures=False, packages_skip_test_passed=False, packages_select=None, packages_skip=None, packages_select_regex=None, packages_skip_regex=None, packages_start=None, packages_end=None, allow_overriding=[], cmake_args=None, cmake_target=None, cmake_target_skip_unavailable=False, cmake_clean_cache=False, cmake_clean_first=False, cmake_force_configure=False, ament_cmake_args=None, catkin_cmake_args=None, catkin_skip_building_tests=False, verb_parser=<colcon_defaults.argument_parser.defaults.DefaultArgumentsDecorator object at 0x7f06c0732bf0>, verb_extension=<colcon_core.verb.build.BuildVerb object at 0x7f06c0cef9a0>, main=<bound method BuildVerb.main of <colcon_core.verb.build.BuildVerb object at 0x7f06c0cef9a0>>)
[1.009s] Level 1:colcon.colcon_core.package_discovery:discover_packages(colcon_meta) check parameters
[1.009s] Level 1:colcon.colcon_core.package_discovery:discover_packages(recursive) check parameters
[1.009s] Level 1:colcon.colcon_core.package_discovery:discover_packages(ignore) check parameters
[1.009s] Level 1:colcon.colcon_core.package_discovery:discover_packages(path) check parameters
[1.009s] Level 1:colcon.colcon_core.package_discovery:discover_packages(colcon_meta) discover
[1.009s] Level 1:colcon.colcon_core.package_discovery:discover_packages(recursive) discover
[1.009s] INFO:colcon.colcon_core.package_discovery:Crawling recursively for packages in '/home/hp/src/ros/fishbot_cartographer'
[1.009s] Level 1:colcon.colcon_core.package_identification:_identify(.) by extensions ['ignore', 'ignore_ament_install']
[1.010s] Level 1:colcon.colcon_core.package_identification:_identify(.) by extension 'ignore'
[1.010s] Level 1:colcon.colcon_core.package_identification:_identify(.) by extension 'ignore_ament_install'
[1.010s] Level 1:colcon.colcon_core.package_identification:_identify(.) by extensions ['colcon_pkg']
[1.010s] Level 1:colcon.colcon_core.package_identification:_identify(.) by extension 'colcon_pkg'
[1.010s] Level 1:colcon.colcon_core.package_identification:_identify(.) by extensions ['colcon_meta']
[1.010s] Level 1:colcon.colcon_core.package_identification:_identify(.) by extension 'colcon_meta'
[1.010s] Level 1:colcon.colcon_core.package_identification:_identify(.) by extensions ['ros']
[1.010s] Level 1:colcon.colcon_core.package_identification:_identify(.) by extension 'ros'
[1.022s] DEBUG:colcon.colcon_core.package_identification:Package '.' with type 'ros.ament_cmake' and name 'fishbot_cartographer'
[1.022s] Level 1:colcon.colcon_core.package_discovery:discover_packages(recursive) using defaults
[1.022s] Level 1:colcon.colcon_core.package_discovery:discover_packages(ignore) discover
[1.022s] Level 1:colcon.colcon_core.package_discovery:discover_packages(ignore) using defaults
[1.022s] Level 1:colcon.colcon_core.package_discovery:discover_packages(path) discover
[1.022s] Level 1:colcon.colcon_core.package_discovery:discover_packages(path) using defaults
[1.132s] Level 1:colcon.colcon_core.package_discovery:discover_packages(prefix_path) check parameters
[1.133s] Level 1:colcon.colcon_core.package_discovery:discover_packages(prefix_path) discover
[1.162s] DEBUG:colcon.colcon_installed_package_information.package_discovery:Found 1 installed packages in /home/hp/src/ros/fishbot_description/install
[1.175s] DEBUG:colcon.colcon_installed_package_information.package_discovery:Found 1 installed packages in /home/hp/src/ros/new_gazebo/install
[1.189s] DEBUG:colcon.colcon_installed_package_information.package_discovery:Found 1 installed packages in /home/hp/src/ros/fishbot_cartographer/install
[1.202s] DEBUG:colcon.colcon_installed_package_information.package_discovery:Found 2 installed packages in /home/hp/src/ros/n10/install
[1.217s] DEBUG:colcon.colcon_installed_package_information.package_discovery:Found 385 installed packages in /opt/ros/humble
[1.218s] Level 1:colcon.colcon_core.package_discovery:discover_packages(prefix_path) using defaults
[1.297s] Level 5:colcon.colcon_core.verb:set package 'fishbot_cartographer' build argument 'cmake_args' from command line to 'None'
[1.298s] Level 5:colcon.colcon_core.verb:set package 'fishbot_cartographer' build argument 'cmake_target' from command line to 'None'
[1.298s] Level 5:colcon.colcon_core.verb:set package 'fishbot_cartographer' build argument 'cmake_target_skip_unavailable' from command line to 'False'
[1.298s] Level 5:colcon.colcon_core.verb:set package 'fishbot_cartographer' build argument 'cmake_clean_cache' from command line to 'False'
[1.298s] Level 5:colcon.colcon_core.verb:set package 'fishbot_cartographer' build argument 'cmake_clean_first' from command line to 'False'
[1.298s] Level 5:colcon.colcon_core.verb:set package 'fishbot_cartographer' build argument 'cmake_force_configure' from command line to 'False'
[1.298s] Level 5:colcon.colcon_core.verb:set package 'fishbot_cartographer' build argument 'ament_cmake_args' from command line to 'None'
[1.298s] Level 5:colcon.colcon_core.verb:set package 'fishbot_cartographer' build argument 'catkin_cmake_args' from command line to 'None'
[1.298s] Level 5:colcon.colcon_core.verb:set package 'fishbot_cartographer' build argument 'catkin_skip_building_tests' from command line to 'False'
[1.298s] DEBUG:colcon.colcon_core.verb:Building package 'fishbot_cartographer' with the following arguments: {'ament_cmake_args': None, 'build_base': '/home/hp/src/ros/fishbot_cartographer/build/fishbot_cartographer', 'catkin_cmake_args': None, 'catkin_skip_building_tests': False, 'cmake_args': None, 'cmake_clean_cache': False, 'cmake_clean_first': False, 'cmake_force_configure': False, 'cmake_target': None, 'cmake_target_skip_unavailable': False, 'install_base': '/home/hp/src/ros/fishbot_cartographer/install/fishbot_cartographer', 'merge_install': False, 'path': '/home/hp/src/ros/fishbot_cartographer', 'symlink_install': False, 'test_result_base': None}
[1.311s] INFO:colcon.colcon_core.executor:Executing jobs using 'parallel' executor
[1.325s] DEBUG:colcon.colcon_parallel_executor.executor.parallel:run_until_complete
[1.325s] INFO:colcon.colcon_ros.task.ament_cmake.build:Building ROS package in '/home/hp/src/ros/fishbot_cartographer' with build type 'ament_cmake'
[1.325s] INFO:colcon.colcon_cmake.task.cmake.build:Building CMake package in '/home/hp/src/ros/fishbot_cartographer'
[1.341s] INFO:colcon.colcon_core.plugin_system:Skipping extension 'colcon_core.shell.bat': Not used on non-Windows systems
[1.342s] INFO:colcon.colcon_core.shell:Skip shell extension 'powershell' for command environment: Not usable outside of PowerShell
[1.342s] DEBUG:colcon.colcon_core.shell:Skip shell extension 'dsv' for command environment
[1.438s] DEBUG:colcon.colcon_core.event_handler.log_command:Invoking command in '/home/hp/src/ros/fishbot_cartographer/build/fishbot_cartographer': CMAKE_PREFIX_PATH=${CMAKE_PREFIX_PATH}:/home/hp/src/ros/new_gazebo/install/new_gazebo:/home/hp/src/ros/fishbot_description/install/fishbot_description:/opt/ros/humble /usr/bin/cmake --build /home/hp/src/ros/fishbot_cartographer/build/fishbot_cartographer -- -j16 -l16
[1.493s] DEBUG:colcon.colcon_core.event_handler.log_command:Invoked command in '/home/hp/src/ros/fishbot_cartographer/build/fishbot_cartographer' returned '0': CMAKE_PREFIX_PATH=${CMAKE_PREFIX_PATH}:/home/hp/src/ros/new_gazebo/install/new_gazebo:/home/hp/src/ros/fishbot_description/install/fishbot_description:/opt/ros/humble /usr/bin/cmake --build /home/hp/src/ros/fishbot_cartographer/build/fishbot_cartographer -- -j16 -l16
[1.537s] DEBUG:colcon.colcon_core.event_handler.log_command:Invoking command in '/home/hp/src/ros/fishbot_cartographer/build/fishbot_cartographer': CMAKE_PREFIX_PATH=${CMAKE_PREFIX_PATH}:/home/hp/src/ros/new_gazebo/install/new_gazebo:/home/hp/src/ros/fishbot_description/install/fishbot_description:/opt/ros/humble /usr/bin/cmake --install /home/hp/src/ros/fishbot_cartographer/build/fishbot_cartographer
[1.550s] Level 1:colcon.colcon_core.environment:create_environment_scripts_only(fishbot_cartographer)
[1.550s] DEBUG:colcon.colcon_core.event_handler.log_command:Invoked command in '/home/hp/src/ros/fishbot_cartographer/build/fishbot_cartographer' returned '0': CMAKE_PREFIX_PATH=${CMAKE_PREFIX_PATH}:/home/hp/src/ros/new_gazebo/install/new_gazebo:/home/hp/src/ros/fishbot_description/install/fishbot_description:/opt/ros/humble /usr/bin/cmake --install /home/hp/src/ros/fishbot_cartographer/build/fishbot_cartographer
[1.568s] Level 1:colcon.colcon_core.environment:checking '/home/hp/src/ros/fishbot_cartographer/install/fishbot_cartographer' for CMake module files
[1.569s] Level 1:colcon.colcon_core.environment:checking '/home/hp/src/ros/fishbot_cartographer/install/fishbot_cartographer' for CMake config files
[1.569s] Level 1:colcon.colcon_core.shell:create_environment_hook('fishbot_cartographer', 'cmake_prefix_path')
[1.585s] INFO:colcon.colcon_core.shell:Creating environment hook '/home/hp/src/ros/fishbot_cartographer/install/fishbot_cartographer/share/fishbot_cartographer/hook/cmake_prefix_path.ps1'
[1.586s] INFO:colcon.colcon_core.shell:Creating environment descriptor '/home/hp/src/ros/fishbot_cartographer/install/fishbot_cartographer/share/fishbot_cartographer/hook/cmake_prefix_path.dsv'
[1.586s] INFO:colcon.colcon_core.shell:Creating environment hook '/home/hp/src/ros/fishbot_cartographer/install/fishbot_cartographer/share/fishbot_cartographer/hook/cmake_prefix_path.sh'
[1.587s] Level 1:colcon.colcon_core.environment:checking '/home/hp/src/ros/fishbot_cartographer/install/fishbot_cartographer/bin'
[1.587s] Level 1:colcon.colcon_core.environment:checking '/home/hp/src/ros/fishbot_cartographer/install/fishbot_cartographer/lib/pkgconfig/fishbot_cartographer.pc'
[1.587s] Level 1:colcon.colcon_core.environment:checking '/home/hp/src/ros/fishbot_cartographer/install/fishbot_cartographer/lib/python3.10/site-packages'
[1.587s] Level 1:colcon.colcon_core.environment:checking '/home/hp/src/ros/fishbot_cartographer/install/fishbot_cartographer/bin'
[1.604s] INFO:colcon.colcon_core.shell:Creating package script '/home/hp/src/ros/fishbot_cartographer/install/fishbot_cartographer/share/fishbot_cartographer/package.ps1'
[1.604s] INFO:colcon.colcon_core.shell:Creating package descriptor '/home/hp/src/ros/fishbot_cartographer/install/fishbot_cartographer/share/fishbot_cartographer/package.dsv'
[1.605s] INFO:colcon.colcon_core.shell:Creating package script '/home/hp/src/ros/fishbot_cartographer/install/fishbot_cartographer/share/fishbot_cartographer/package.sh'
[1.605s] INFO:colcon.colcon_core.shell:Creating package script '/home/hp/src/ros/fishbot_cartographer/install/fishbot_cartographer/share/fishbot_cartographer/package.bash'
[1.606s] INFO:colcon.colcon_core.shell:Creating package script '/home/hp/src/ros/fishbot_cartographer/install/fishbot_cartographer/share/fishbot_cartographer/package.zsh'
[1.606s] Level 1:colcon.colcon_core.environment:create_file_with_runtime_dependencies(/home/hp/src/ros/fishbot_cartographer/install/fishbot_cartographer/share/colcon-core/packages/fishbot_cartographer)
[1.656s] Level 1:colcon.colcon_core.environment:create_environment_scripts_only(fishbot_cartographer)
[1.673s] Level 1:colcon.colcon_core.environment:checking '/home/hp/src/ros/fishbot_cartographer/install/fishbot_cartographer' for CMake module files
[1.673s] Level 1:colcon.colcon_core.environment:checking '/home/hp/src/ros/fishbot_cartographer/install/fishbot_cartographer' for CMake config files
[1.673s] Level 1:colcon.colcon_core.shell:create_environment_hook('fishbot_cartographer', 'cmake_prefix_path')
[1.690s] INFO:colcon.colcon_core.shell:Creating environment hook '/home/hp/src/ros/fishbot_cartographer/install/fishbot_cartographer/share/fishbot_cartographer/hook/cmake_prefix_path.ps1'
[1.691s] INFO:colcon.colcon_core.shell:Creating environment descriptor '/home/hp/src/ros/fishbot_cartographer/install/fishbot_cartographer/share/fishbot_cartographer/hook/cmake_prefix_path.dsv'
[1.691s] INFO:colcon.colcon_core.shell:Creating environment hook '/home/hp/src/ros/fishbot_cartographer/install/fishbot_cartographer/share/fishbot_cartographer/hook/cmake_prefix_path.sh'
[1.691s] Level 1:colcon.colcon_core.environment:checking '/home/hp/src/ros/fishbot_cartographer/install/fishbot_cartographer/bin'
[1.692s] Level 1:colcon.colcon_core.environment:checking '/home/hp/src/ros/fishbot_cartographer/install/fishbot_cartographer/lib/pkgconfig/fishbot_cartographer.pc'
[1.692s] Level 1:colcon.colcon_core.environment:checking '/home/hp/src/ros/fishbot_cartographer/install/fishbot_cartographer/lib/python3.10/site-packages'
[1.692s] Level 1:colcon.colcon_core.environment:checking '/home/hp/src/ros/fishbot_cartographer/install/fishbot_cartographer/bin'
[1.709s] INFO:colcon.colcon_core.shell:Creating package script '/home/hp/src/ros/fishbot_cartographer/install/fishbot_cartographer/share/fishbot_cartographer/package.ps1'
[1.710s] INFO:colcon.colcon_core.shell:Creating package descriptor '/home/hp/src/ros/fishbot_cartographer/install/fishbot_cartographer/share/fishbot_cartographer/package.dsv'
[1.711s] INFO:colcon.colcon_core.shell:Creating package script '/home/hp/src/ros/fishbot_cartographer/install/fishbot_cartographer/share/fishbot_cartographer/package.sh'
[1.711s] INFO:colcon.colcon_core.shell:Creating package script '/home/hp/src/ros/fishbot_cartographer/install/fishbot_cartographer/share/fishbot_cartographer/package.bash'
[1.711s] INFO:colcon.colcon_core.shell:Creating package script '/home/hp/src/ros/fishbot_cartographer/install/fishbot_cartographer/share/fishbot_cartographer/package.zsh'
[1.712s] Level 1:colcon.colcon_core.environment:create_file_with_runtime_dependencies(/home/hp/src/ros/fishbot_cartographer/install/fishbot_cartographer/share/colcon-core/packages/fishbot_cartographer)
[1.712s] DEBUG:colcon.colcon_parallel_executor.executor.parallel:closing loop
[1.712s] DEBUG:colcon.colcon_parallel_executor.executor.parallel:loop closed
[1.713s] DEBUG:colcon.colcon_parallel_executor.executor.parallel:run_until_complete finished with '0'
[1.713s] DEBUG:colcon.colcon_core.event_reactor:joining thread
[1.735s] INFO:colcon.colcon_core.plugin_system:Skipping extension 'colcon_notification.desktop_notification.terminal_notifier': Not used on non-Darwin systems
[1.735s] INFO:colcon.colcon_core.plugin_system:Skipping extension 'colcon_notification.desktop_notification.win32': Not used on non-Windows systems
[1.735s] INFO:colcon.colcon_notification.desktop_notification:Sending desktop notification using 'notify2'
[1.749s] DEBUG:colcon.colcon_core.event_reactor:joined thread
[1.767s] INFO:colcon.colcon_core.shell:Creating prefix script '/home/hp/src/ros/fishbot_cartographer/install/local_setup.ps1'
[1.768s] INFO:colcon.colcon_core.shell:Creating prefix util module '/home/hp/src/ros/fishbot_cartographer/install/_local_setup_util_ps1.py'
[1.769s] INFO:colcon.colcon_core.shell:Creating prefix chain script '/home/hp/src/ros/fishbot_cartographer/install/setup.ps1'
[1.787s] INFO:colcon.colcon_core.shell:Creating prefix script '/home/hp/src/ros/fishbot_cartographer/install/local_setup.sh'
[1.787s] INFO:colcon.colcon_core.shell:Creating prefix util module '/home/hp/src/ros/fishbot_cartographer/install/_local_setup_util_sh.py'
[1.788s] INFO:colcon.colcon_core.shell:Creating prefix chain script '/home/hp/src/ros/fishbot_cartographer/install/setup.sh'
[1.805s] INFO:colcon.colcon_core.shell:Creating prefix script '/home/hp/src/ros/fishbot_cartographer/install/local_setup.bash'
[1.805s] INFO:colcon.colcon_core.shell:Creating prefix chain script '/home/hp/src/ros/fishbot_cartographer/install/setup.bash'
[1.821s] INFO:colcon.colcon_core.shell:Creating prefix script '/home/hp/src/ros/fishbot_cartographer/install/local_setup.zsh'
[1.822s] INFO:colcon.colcon_core.shell:Creating prefix chain script '/home/hp/src/ros/fishbot_cartographer/install/setup.zsh'
