[0.159s] Invoking command in '/home/hp/src/ros/fishbot_navigation2/build/fishbot_navigation2': CMAKE_PREFIX_PATH=${CMAKE_PREFIX_PATH}:/home/hp/src/ros/fishbot_description/install/fishbot_description:/home/hp/src/ros/new_gazebo/install/new_gazebo:/opt/ros/humble /usr/bin/cmake --build /home/hp/src/ros/fishbot_navigation2/build/fishbot_navigation2 -- -j16 -l16
[0.186s] -- Found ament_cmake: 1.3.6 (/opt/ros/humble/share/ament_cmake/cmake)
[0.315s] -- Found ament_lint_auto: 0.12.9 (/opt/ros/humble/share/ament_lint_auto/cmake)
[0.388s] -- Added test 'cppcheck' to perform static code analysis on C / C++ code
[0.388s] -- Configured cppcheck include dirs: 
[0.388s] -- Configured cppcheck exclude dirs and/or files: 
[0.390s] -- Added test 'flake8' to check Python code syntax and style conventions
[0.393s] -- Added test 'lint_cmake' to check CMake code style
[0.395s] -- Added test 'pep257' to check Python code against some of the docstring style conventions in PEP 257
[0.408s] -- Added test 'uncrustify' to check C / C++ code style
[0.408s] -- Configured uncrustify additional arguments: 
[0.410s] -- Added test 'xmllint' to check XML markup files
[0.411s] -- Configuring done
[0.414s] -- Generating done
[0.415s] -- Build files have been written to: /home/hp/src/ros/fishbot_navigation2/build/fishbot_navigation2
[0.441s] Invoked command in '/home/hp/src/ros/fishbot_navigation2/build/fishbot_navigation2' returned '0': CMAKE_PREFIX_PATH=${CMAKE_PREFIX_PATH}:/home/hp/src/ros/fishbot_description/install/fishbot_description:/home/hp/src/ros/new_gazebo/install/new_gazebo:/opt/ros/humble /usr/bin/cmake --build /home/hp/src/ros/fishbot_navigation2/build/fishbot_navigation2 -- -j16 -l16
[0.480s] Invoking command in '/home/hp/src/ros/fishbot_navigation2/build/fishbot_navigation2': CMAKE_PREFIX_PATH=${CMAKE_PREFIX_PATH}:/home/hp/src/ros/fishbot_description/install/fishbot_description:/home/hp/src/ros/new_gazebo/install/new_gazebo:/opt/ros/humble /usr/bin/cmake --install /home/hp/src/ros/fishbot_navigation2/build/fishbot_navigation2
[0.488s] -- Install configuration: ""
[0.488s] -- Up-to-date: /home/hp/src/ros/fishbot_navigation2/install/fishbot_navigation2/share/fishbot_navigation2/launch
[0.488s] -- Up-to-date: /home/hp/src/ros/fishbot_navigation2/install/fishbot_navigation2/share/fishbot_navigation2/launch/go.launch.py
[0.488s] -- Up-to-date: /home/hp/src/ros/fishbot_navigation2/install/fishbot_navigation2/share/fishbot_navigation2/param
[0.489s] -- Up-to-date: /home/hp/src/ros/fishbot_navigation2/install/fishbot_navigation2/share/fishbot_navigation2/param/fishbot_nav2.yaml
[0.489s] -- Up-to-date: /home/hp/src/ros/fishbot_navigation2/install/fishbot_navigation2/share/fishbot_navigation2/maps
[0.489s] -- Up-to-date: /home/hp/src/ros/fishbot_navigation2/install/fishbot_navigation2/share/fishbot_navigation2/maps/fishbot_map.pgm
[0.489s] -- Up-to-date: /home/hp/src/ros/fishbot_navigation2/install/fishbot_navigation2/share/fishbot_navigation2/maps/fishbot_map.yaml
[0.489s] -- Up-to-date: /home/hp/src/ros/fishbot_navigation2/install/fishbot_navigation2/share/ament_index/resource_index/package_run_dependencies/fishbot_navigation2
[0.489s] -- Installing: /home/hp/src/ros/fishbot_navigation2/install/fishbot_navigation2/share/ament_index/resource_index/parent_prefix_path/fishbot_navigation2
[0.489s] -- Up-to-date: /home/hp/src/ros/fishbot_navigation2/install/fishbot_navigation2/share/fishbot_navigation2/environment/ament_prefix_path.sh
[0.490s] -- Installing: /home/hp/src/ros/fishbot_navigation2/install/fishbot_navigation2/share/fishbot_navigation2/environment/ament_prefix_path.dsv
[0.490s] -- Up-to-date: /home/hp/src/ros/fishbot_navigation2/install/fishbot_navigation2/share/fishbot_navigation2/environment/path.sh
[0.490s] -- Installing: /home/hp/src/ros/fishbot_navigation2/install/fishbot_navigation2/share/fishbot_navigation2/environment/path.dsv
[0.490s] -- Up-to-date: /home/hp/src/ros/fishbot_navigation2/install/fishbot_navigation2/share/fishbot_navigation2/local_setup.bash
[0.490s] -- Up-to-date: /home/hp/src/ros/fishbot_navigation2/install/fishbot_navigation2/share/fishbot_navigation2/local_setup.sh
[0.490s] -- Up-to-date: /home/hp/src/ros/fishbot_navigation2/install/fishbot_navigation2/share/fishbot_navigation2/local_setup.zsh
[0.490s] -- Installing: /home/hp/src/ros/fishbot_navigation2/install/fishbot_navigation2/share/fishbot_navigation2/local_setup.dsv
[0.490s] -- Installing: /home/hp/src/ros/fishbot_navigation2/install/fishbot_navigation2/share/fishbot_navigation2/package.dsv
[0.490s] -- Up-to-date: /home/hp/src/ros/fishbot_navigation2/install/fishbot_navigation2/share/ament_index/resource_index/packages/fishbot_navigation2
[0.491s] -- Up-to-date: /home/hp/src/ros/fishbot_navigation2/install/fishbot_navigation2/share/fishbot_navigation2/cmake/fishbot_navigation2Config.cmake
[0.492s] -- Up-to-date: /home/hp/src/ros/fishbot_navigation2/install/fishbot_navigation2/share/fishbot_navigation2/cmake/fishbot_navigation2Config-version.cmake
[0.492s] -- Installing: /home/hp/src/ros/fishbot_navigation2/install/fishbot_navigation2/share/fishbot_navigation2/package.xml
[0.493s] Invoked command in '/home/hp/src/ros/fishbot_navigation2/build/fishbot_navigation2' returned '0': CMAKE_PREFIX_PATH=${CMAKE_PREFIX_PATH}:/home/hp/src/ros/fishbot_description/install/fishbot_description:/home/hp/src/ros/new_gazebo/install/new_gazebo:/opt/ros/humble /usr/bin/cmake --install /home/hp/src/ros/fishbot_navigation2/build/fishbot_navigation2
