[0.128s] Invoking command in '/home/hp/src/ros/fishbot_cartographer/build/fishbot_cartographer': CMAKE_PREFIX_PATH=${CMAKE_PREFIX_PATH}:/home/hp/src/ros/fishbot_description/install/fishbot_description:/home/hp/src/ros/new_gazebo/install/new_gazebo:/opt/ros/humble /usr/bin/cmake --build /home/hp/src/ros/fishbot_cartographer/build/fishbot_cartographer -- -j16 -l16
[0.188s] [ 50%] [32mBuilding CXX object CMakeFiles/laser_pub.dir/src/laser_pub.cpp.o[0m
[3.527s] [100%] [32m[1mLinking CXX executable laser_pub[0m
[3.706s] [100%] Built target laser_pub
[3.718s] Invoked command in '/home/hp/src/ros/fishbot_cartographer/build/fishbot_cartographer' returned '0': CMAKE_PREFIX_PATH=${CMAKE_PREFIX_PATH}:/home/hp/src/ros/fishbot_description/install/fishbot_description:/home/hp/src/ros/new_gazebo/install/new_gazebo:/opt/ros/humble /usr/bin/cmake --build /home/hp/src/ros/fishbot_cartographer/build/fishbot_cartographer -- -j16 -l16
[3.763s] Invoking command in '/home/hp/src/ros/fishbot_cartographer/build/fishbot_cartographer': CMAKE_PREFIX_PATH=${CMAKE_PREFIX_PATH}:/home/hp/src/ros/fishbot_description/install/fishbot_description:/home/hp/src/ros/new_gazebo/install/new_gazebo:/opt/ros/humble /usr/bin/cmake --install /home/hp/src/ros/fishbot_cartographer/build/fishbot_cartographer
[3.770s] -- Install configuration: ""
[3.770s] -- Installing: /home/hp/src/ros/fishbot_cartographer/install/fishbot_cartographer/lib/fishbot_cartographer/laser_pub
[3.772s] -- Set runtime path of "/home/hp/src/ros/fishbot_cartographer/install/fishbot_cartographer/lib/fishbot_cartographer/laser_pub" to ""
[3.772s] -- Up-to-date: /home/hp/src/ros/fishbot_cartographer/install/fishbot_cartographer/share/fishbot_cartographer/config
[3.772s] -- Installing: /home/hp/src/ros/fishbot_cartographer/install/fishbot_cartographer/share/fishbot_cartographer/config/fishbot_2d.lua
[3.772s] -- Up-to-date: /home/hp/src/ros/fishbot_cartographer/install/fishbot_cartographer/share/fishbot_cartographer/launch
[3.772s] -- Up-to-date: /home/hp/src/ros/fishbot_cartographer/install/fishbot_cartographer/share/fishbot_cartographer/launch/cartographer.launch.py
[3.772s] -- Up-to-date: /home/hp/src/ros/fishbot_cartographer/install/fishbot_cartographer/share/fishbot_cartographer/rviz
[3.772s] -- Up-to-date: /home/hp/src/ros/fishbot_cartographer/install/fishbot_cartographer/share/ament_index/resource_index/package_run_dependencies/fishbot_cartographer
[3.772s] -- Up-to-date: /home/hp/src/ros/fishbot_cartographer/install/fishbot_cartographer/share/ament_index/resource_index/parent_prefix_path/fishbot_cartographer
[3.773s] -- Up-to-date: /home/hp/src/ros/fishbot_cartographer/install/fishbot_cartographer/share/fishbot_cartographer/environment/ament_prefix_path.sh
[3.773s] -- Up-to-date: /home/hp/src/ros/fishbot_cartographer/install/fishbot_cartographer/share/fishbot_cartographer/environment/ament_prefix_path.dsv
[3.773s] -- Up-to-date: /home/hp/src/ros/fishbot_cartographer/install/fishbot_cartographer/share/fishbot_cartographer/environment/path.sh
[3.773s] -- Up-to-date: /home/hp/src/ros/fishbot_cartographer/install/fishbot_cartographer/share/fishbot_cartographer/environment/path.dsv
[3.773s] -- Up-to-date: /home/hp/src/ros/fishbot_cartographer/install/fishbot_cartographer/share/fishbot_cartographer/local_setup.bash
[3.773s] -- Up-to-date: /home/hp/src/ros/fishbot_cartographer/install/fishbot_cartographer/share/fishbot_cartographer/local_setup.sh
[3.773s] -- Up-to-date: /home/hp/src/ros/fishbot_cartographer/install/fishbot_cartographer/share/fishbot_cartographer/local_setup.zsh
[3.773s] -- Up-to-date: /home/hp/src/ros/fishbot_cartographer/install/fishbot_cartographer/share/fishbot_cartographer/local_setup.dsv
[3.773s] -- Installing: /home/hp/src/ros/fishbot_cartographer/install/fishbot_cartographer/share/fishbot_cartographer/package.dsv
[3.773s] -- Up-to-date: /home/hp/src/ros/fishbot_cartographer/install/fishbot_cartographer/share/ament_index/resource_index/packages/fishbot_cartographer
[3.773s] -- Up-to-date: /home/hp/src/ros/fishbot_cartographer/install/fishbot_cartographer/share/fishbot_cartographer/cmake/fishbot_cartographerConfig.cmake
[3.773s] -- Up-to-date: /home/hp/src/ros/fishbot_cartographer/install/fishbot_cartographer/share/fishbot_cartographer/cmake/fishbot_cartographerConfig-version.cmake
[3.774s] -- Up-to-date: /home/hp/src/ros/fishbot_cartographer/install/fishbot_cartographer/share/fishbot_cartographer/package.xml
[3.774s] Invoked command in '/home/hp/src/ros/fishbot_cartographer/build/fishbot_cartographer' returned '0': CMAKE_PREFIX_PATH=${CMAKE_PREFIX_PATH}:/home/hp/src/ros/fishbot_description/install/fishbot_description:/home/hp/src/ros/new_gazebo/install/new_gazebo:/opt/ros/humble /usr/bin/cmake --install /home/hp/src/ros/fishbot_cartographer/build/fishbot_cartographer
