[0.951s] DEBUG:colcon:Command line arguments: ['/usr/bin/colcon', 'build']
[0.951s] DEBUG:colcon:Parsed command line arguments: Namespace(log_base=None, log_level=None, verb_name='build', build_base='build', install_base='install', merge_install=False, symlink_install=False, test_result_base=None, continue_on_error=False, executor='parallel', parallel_workers=16, event_handlers=None, ignore_user_meta=False, metas=['./colcon.meta'], base_paths=['.'], packages_ignore=None, packages_ignore_regex=None, paths=None, packages_up_to=None, packages_up_to_regex=None, packages_above=None, packages_above_and_dependencies=None, packages_above_depth=None, packages_select_by_dep=None, packages_skip_by_dep=None, packages_skip_up_to=None, packages_select_build_failed=False, packages_skip_build_finished=False, packages_select_test_failures=False, packages_skip_test_passed=False, packages_select=None, packages_skip=None, packages_select_regex=None, packages_skip_regex=None, packages_start=None, packages_end=None, allow_overriding=[], cmake_args=None, cmake_target=None, cmake_target_skip_unavailable=False, cmake_clean_cache=False, cmake_clean_first=False, cmake_force_configure=False, ament_cmake_args=None, catkin_cmake_args=None, catkin_skip_building_tests=False, verb_parser=<colcon_defaults.argument_parser.defaults.DefaultArgumentsDecorator object at 0x7f4c48fb9d20>, verb_extension=<colcon_core.verb.build.BuildVerb object at 0x7f4c48fac6d0>, main=<bound method BuildVerb.main of <colcon_core.verb.build.BuildVerb object at 0x7f4c48fac6d0>>)
[0.998s] Level 1:colcon.colcon_core.package_discovery:discover_packages(colcon_meta) check parameters
[0.998s] Level 1:colcon.colcon_core.package_discovery:discover_packages(recursive) check parameters
[0.998s] Level 1:colcon.colcon_core.package_discovery:discover_packages(ignore) check parameters
[0.998s] Level 1:colcon.colcon_core.package_discovery:discover_packages(path) check parameters
[0.998s] Level 1:colcon.colcon_core.package_discovery:discover_packages(colcon_meta) discover
[0.998s] Level 1:colcon.colcon_core.package_discovery:discover_packages(recursive) discover
[0.998s] INFO:colcon.colcon_core.package_discovery:Crawling recursively for packages in '/home/hp/src/ros/fishbot_navigation2'
[0.999s] Level 1:colcon.colcon_core.package_identification:_identify(.) by extensions ['ignore', 'ignore_ament_install']
[0.999s] Level 1:colcon.colcon_core.package_identification:_identify(.) by extension 'ignore'
[0.999s] Level 1:colcon.colcon_core.package_identification:_identify(.) by extension 'ignore_ament_install'
[0.999s] Level 1:colcon.colcon_core.package_identification:_identify(.) by extensions ['colcon_pkg']
[0.999s] Level 1:colcon.colcon_core.package_identification:_identify(.) by extension 'colcon_pkg'
[0.999s] Level 1:colcon.colcon_core.package_identification:_identify(.) by extensions ['colcon_meta']
[0.999s] Level 1:colcon.colcon_core.package_identification:_identify(.) by extension 'colcon_meta'
[0.999s] Level 1:colcon.colcon_core.package_identification:_identify(.) by extensions ['ros']
[0.999s] Level 1:colcon.colcon_core.package_identification:_identify(.) by extension 'ros'
[1.009s] DEBUG:colcon.colcon_core.package_identification:Package '.' with type 'ros.ament_cmake' and name 'fishbot_navigation2'
[1.009s] Level 1:colcon.colcon_core.package_discovery:discover_packages(recursive) using defaults
[1.009s] Level 1:colcon.colcon_core.package_discovery:discover_packages(ignore) discover
[1.009s] Level 1:colcon.colcon_core.package_discovery:discover_packages(ignore) using defaults
[1.009s] Level 1:colcon.colcon_core.package_discovery:discover_packages(path) discover
[1.009s] Level 1:colcon.colcon_core.package_discovery:discover_packages(path) using defaults
[1.112s] Level 1:colcon.colcon_core.package_discovery:discover_packages(prefix_path) check parameters
[1.112s] Level 1:colcon.colcon_core.package_discovery:discover_packages(prefix_path) discover
[1.141s] DEBUG:colcon.colcon_installed_package_information.package_discovery:Found 1 installed packages in /home/hp/src/ros/fishbot_navigation2/install
[1.156s] DEBUG:colcon.colcon_installed_package_information.package_discovery:Found 1 installed packages in /home/hp/src/ros/fishbot_description/install
[1.170s] DEBUG:colcon.colcon_installed_package_information.package_discovery:Found 1 installed packages in /home/hp/src/ros/new_gazebo/install
[1.184s] DEBUG:colcon.colcon_installed_package_information.package_discovery:Found 1 installed packages in /home/hp/src/ros/fishbot_cartographer/install
[1.198s] DEBUG:colcon.colcon_installed_package_information.package_discovery:Found 2 installed packages in /home/hp/src/ros/n10/install
[1.213s] DEBUG:colcon.colcon_installed_package_information.package_discovery:Found 388 installed packages in /opt/ros/humble
[1.215s] Level 1:colcon.colcon_core.package_discovery:discover_packages(prefix_path) using defaults
[1.297s] Level 5:colcon.colcon_core.verb:set package 'fishbot_navigation2' build argument 'cmake_args' from command line to 'None'
[1.297s] Level 5:colcon.colcon_core.verb:set package 'fishbot_navigation2' build argument 'cmake_target' from command line to 'None'
[1.297s] Level 5:colcon.colcon_core.verb:set package 'fishbot_navigation2' build argument 'cmake_target_skip_unavailable' from command line to 'False'
[1.297s] Level 5:colcon.colcon_core.verb:set package 'fishbot_navigation2' build argument 'cmake_clean_cache' from command line to 'False'
[1.297s] Level 5:colcon.colcon_core.verb:set package 'fishbot_navigation2' build argument 'cmake_clean_first' from command line to 'False'
[1.297s] Level 5:colcon.colcon_core.verb:set package 'fishbot_navigation2' build argument 'cmake_force_configure' from command line to 'False'
[1.297s] Level 5:colcon.colcon_core.verb:set package 'fishbot_navigation2' build argument 'ament_cmake_args' from command line to 'None'
[1.297s] Level 5:colcon.colcon_core.verb:set package 'fishbot_navigation2' build argument 'catkin_cmake_args' from command line to 'None'
[1.297s] Level 5:colcon.colcon_core.verb:set package 'fishbot_navigation2' build argument 'catkin_skip_building_tests' from command line to 'False'
[1.297s] DEBUG:colcon.colcon_core.verb:Building package 'fishbot_navigation2' with the following arguments: {'ament_cmake_args': None, 'build_base': '/home/hp/src/ros/fishbot_navigation2/build/fishbot_navigation2', 'catkin_cmake_args': None, 'catkin_skip_building_tests': False, 'cmake_args': None, 'cmake_clean_cache': False, 'cmake_clean_first': False, 'cmake_force_configure': False, 'cmake_target': None, 'cmake_target_skip_unavailable': False, 'install_base': '/home/hp/src/ros/fishbot_navigation2/install/fishbot_navigation2', 'merge_install': False, 'path': '/home/hp/src/ros/fishbot_navigation2', 'symlink_install': False, 'test_result_base': None}
[1.311s] INFO:colcon.colcon_core.executor:Executing jobs using 'parallel' executor
[1.326s] DEBUG:colcon.colcon_parallel_executor.executor.parallel:run_until_complete
[1.326s] INFO:colcon.colcon_ros.task.ament_cmake.build:Building ROS package in '/home/hp/src/ros/fishbot_navigation2' with build type 'ament_cmake'
[1.326s] INFO:colcon.colcon_cmake.task.cmake.build:Building CMake package in '/home/hp/src/ros/fishbot_navigation2'
[1.344s] INFO:colcon.colcon_core.plugin_system:Skipping extension 'colcon_core.shell.bat': Not used on non-Windows systems
[1.344s] INFO:colcon.colcon_core.shell:Skip shell extension 'powershell' for command environment: Not usable outside of PowerShell
[1.345s] DEBUG:colcon.colcon_core.shell:Skip shell extension 'dsv' for command environment
[1.457s] DEBUG:colcon.colcon_core.event_handler.log_command:Invoking command in '/home/hp/src/ros/fishbot_navigation2/build/fishbot_navigation2': CMAKE_PREFIX_PATH=${CMAKE_PREFIX_PATH}:/home/hp/src/ros/fishbot_description/install/fishbot_description:/home/hp/src/ros/new_gazebo/install/new_gazebo:/opt/ros/humble /usr/bin/cmake --build /home/hp/src/ros/fishbot_navigation2/build/fishbot_navigation2 -- -j16 -l16
[1.532s] DEBUG:colcon.colcon_core.event_handler.log_command:Invoked command in '/home/hp/src/ros/fishbot_navigation2/build/fishbot_navigation2' returned '0': CMAKE_PREFIX_PATH=${CMAKE_PREFIX_PATH}:/home/hp/src/ros/fishbot_description/install/fishbot_description:/home/hp/src/ros/new_gazebo/install/new_gazebo:/opt/ros/humble /usr/bin/cmake --build /home/hp/src/ros/fishbot_navigation2/build/fishbot_navigation2 -- -j16 -l16
[1.582s] DEBUG:colcon.colcon_core.event_handler.log_command:Invoking command in '/home/hp/src/ros/fishbot_navigation2/build/fishbot_navigation2': CMAKE_PREFIX_PATH=${CMAKE_PREFIX_PATH}:/home/hp/src/ros/fishbot_description/install/fishbot_description:/home/hp/src/ros/new_gazebo/install/new_gazebo:/opt/ros/humble /usr/bin/cmake --install /home/hp/src/ros/fishbot_navigation2/build/fishbot_navigation2
[1.594s] Level 1:colcon.colcon_core.environment:create_environment_scripts_only(fishbot_navigation2)
[1.595s] DEBUG:colcon.colcon_core.event_handler.log_command:Invoked command in '/home/hp/src/ros/fishbot_navigation2/build/fishbot_navigation2' returned '0': CMAKE_PREFIX_PATH=${CMAKE_PREFIX_PATH}:/home/hp/src/ros/fishbot_description/install/fishbot_description:/home/hp/src/ros/new_gazebo/install/new_gazebo:/opt/ros/humble /usr/bin/cmake --install /home/hp/src/ros/fishbot_navigation2/build/fishbot_navigation2
[1.613s] Level 1:colcon.colcon_core.environment:checking '/home/hp/src/ros/fishbot_navigation2/install/fishbot_navigation2' for CMake module files
[1.614s] Level 1:colcon.colcon_core.environment:checking '/home/hp/src/ros/fishbot_navigation2/install/fishbot_navigation2' for CMake config files
[1.614s] Level 1:colcon.colcon_core.shell:create_environment_hook('fishbot_navigation2', 'cmake_prefix_path')
[1.630s] INFO:colcon.colcon_core.shell:Creating environment hook '/home/hp/src/ros/fishbot_navigation2/install/fishbot_navigation2/share/fishbot_navigation2/hook/cmake_prefix_path.ps1'
[1.631s] INFO:colcon.colcon_core.shell:Creating environment descriptor '/home/hp/src/ros/fishbot_navigation2/install/fishbot_navigation2/share/fishbot_navigation2/hook/cmake_prefix_path.dsv'
[1.631s] INFO:colcon.colcon_core.shell:Creating environment hook '/home/hp/src/ros/fishbot_navigation2/install/fishbot_navigation2/share/fishbot_navigation2/hook/cmake_prefix_path.sh'
[1.632s] Level 1:colcon.colcon_core.environment:checking '/home/hp/src/ros/fishbot_navigation2/install/fishbot_navigation2/lib'
[1.632s] Level 1:colcon.colcon_core.environment:checking '/home/hp/src/ros/fishbot_navigation2/install/fishbot_navigation2/bin'
[1.632s] Level 1:colcon.colcon_core.environment:checking '/home/hp/src/ros/fishbot_navigation2/install/fishbot_navigation2/lib/pkgconfig/fishbot_navigation2.pc'
[1.632s] Level 1:colcon.colcon_core.environment:checking '/home/hp/src/ros/fishbot_navigation2/install/fishbot_navigation2/lib/python3.10/site-packages'
[1.632s] Level 1:colcon.colcon_core.environment:checking '/home/hp/src/ros/fishbot_navigation2/install/fishbot_navigation2/bin'
[1.649s] INFO:colcon.colcon_core.shell:Creating package script '/home/hp/src/ros/fishbot_navigation2/install/fishbot_navigation2/share/fishbot_navigation2/package.ps1'
[1.650s] INFO:colcon.colcon_core.shell:Creating package descriptor '/home/hp/src/ros/fishbot_navigation2/install/fishbot_navigation2/share/fishbot_navigation2/package.dsv'
[1.651s] INFO:colcon.colcon_core.shell:Creating package script '/home/hp/src/ros/fishbot_navigation2/install/fishbot_navigation2/share/fishbot_navigation2/package.sh'
[1.651s] INFO:colcon.colcon_core.shell:Creating package script '/home/hp/src/ros/fishbot_navigation2/install/fishbot_navigation2/share/fishbot_navigation2/package.bash'
[1.652s] INFO:colcon.colcon_core.shell:Creating package script '/home/hp/src/ros/fishbot_navigation2/install/fishbot_navigation2/share/fishbot_navigation2/package.zsh'
[1.652s] Level 1:colcon.colcon_core.environment:create_file_with_runtime_dependencies(/home/hp/src/ros/fishbot_navigation2/install/fishbot_navigation2/share/colcon-core/packages/fishbot_navigation2)
[1.705s] Level 1:colcon.colcon_core.environment:create_environment_scripts_only(fishbot_navigation2)
[1.719s] Level 1:colcon.colcon_core.environment:checking '/home/hp/src/ros/fishbot_navigation2/install/fishbot_navigation2' for CMake module files
[1.719s] Level 1:colcon.colcon_core.environment:checking '/home/hp/src/ros/fishbot_navigation2/install/fishbot_navigation2' for CMake config files
[1.719s] Level 1:colcon.colcon_core.shell:create_environment_hook('fishbot_navigation2', 'cmake_prefix_path')
[1.733s] INFO:colcon.colcon_core.shell:Creating environment hook '/home/hp/src/ros/fishbot_navigation2/install/fishbot_navigation2/share/fishbot_navigation2/hook/cmake_prefix_path.ps1'
[1.734s] INFO:colcon.colcon_core.shell:Creating environment descriptor '/home/hp/src/ros/fishbot_navigation2/install/fishbot_navigation2/share/fishbot_navigation2/hook/cmake_prefix_path.dsv'
[1.734s] INFO:colcon.colcon_core.shell:Creating environment hook '/home/hp/src/ros/fishbot_navigation2/install/fishbot_navigation2/share/fishbot_navigation2/hook/cmake_prefix_path.sh'
[1.734s] Level 1:colcon.colcon_core.environment:checking '/home/hp/src/ros/fishbot_navigation2/install/fishbot_navigation2/lib'
[1.735s] Level 1:colcon.colcon_core.environment:checking '/home/hp/src/ros/fishbot_navigation2/install/fishbot_navigation2/bin'
[1.735s] Level 1:colcon.colcon_core.environment:checking '/home/hp/src/ros/fishbot_navigation2/install/fishbot_navigation2/lib/pkgconfig/fishbot_navigation2.pc'
[1.735s] Level 1:colcon.colcon_core.environment:checking '/home/hp/src/ros/fishbot_navigation2/install/fishbot_navigation2/lib/python3.10/site-packages'
[1.735s] Level 1:colcon.colcon_core.environment:checking '/home/hp/src/ros/fishbot_navigation2/install/fishbot_navigation2/bin'
[1.750s] INFO:colcon.colcon_core.shell:Creating package script '/home/hp/src/ros/fishbot_navigation2/install/fishbot_navigation2/share/fishbot_navigation2/package.ps1'
[1.751s] INFO:colcon.colcon_core.shell:Creating package descriptor '/home/hp/src/ros/fishbot_navigation2/install/fishbot_navigation2/share/fishbot_navigation2/package.dsv'
[1.751s] INFO:colcon.colcon_core.shell:Creating package script '/home/hp/src/ros/fishbot_navigation2/install/fishbot_navigation2/share/fishbot_navigation2/package.sh'
[1.751s] INFO:colcon.colcon_core.shell:Creating package script '/home/hp/src/ros/fishbot_navigation2/install/fishbot_navigation2/share/fishbot_navigation2/package.bash'
[1.752s] INFO:colcon.colcon_core.shell:Creating package script '/home/hp/src/ros/fishbot_navigation2/install/fishbot_navigation2/share/fishbot_navigation2/package.zsh'
[1.752s] Level 1:colcon.colcon_core.environment:create_file_with_runtime_dependencies(/home/hp/src/ros/fishbot_navigation2/install/fishbot_navigation2/share/colcon-core/packages/fishbot_navigation2)
[1.752s] DEBUG:colcon.colcon_parallel_executor.executor.parallel:closing loop
[1.752s] DEBUG:colcon.colcon_parallel_executor.executor.parallel:loop closed
[1.753s] DEBUG:colcon.colcon_parallel_executor.executor.parallel:run_until_complete finished with '0'
[1.753s] DEBUG:colcon.colcon_core.event_reactor:joining thread
[1.772s] INFO:colcon.colcon_core.plugin_system:Skipping extension 'colcon_notification.desktop_notification.terminal_notifier': Not used on non-Darwin systems
[1.773s] INFO:colcon.colcon_core.plugin_system:Skipping extension 'colcon_notification.desktop_notification.win32': Not used on non-Windows systems
[1.773s] INFO:colcon.colcon_notification.desktop_notification:Sending desktop notification using 'notify2'
[1.786s] DEBUG:colcon.colcon_core.event_reactor:joined thread
[1.802s] INFO:colcon.colcon_core.shell:Creating prefix script '/home/hp/src/ros/fishbot_navigation2/install/local_setup.ps1'
[1.802s] INFO:colcon.colcon_core.shell:Creating prefix util module '/home/hp/src/ros/fishbot_navigation2/install/_local_setup_util_ps1.py'
[1.803s] INFO:colcon.colcon_core.shell:Creating prefix chain script '/home/hp/src/ros/fishbot_navigation2/install/setup.ps1'
[1.819s] INFO:colcon.colcon_core.shell:Creating prefix script '/home/hp/src/ros/fishbot_navigation2/install/local_setup.sh'
[1.819s] INFO:colcon.colcon_core.shell:Creating prefix util module '/home/hp/src/ros/fishbot_navigation2/install/_local_setup_util_sh.py'
[1.819s] INFO:colcon.colcon_core.shell:Creating prefix chain script '/home/hp/src/ros/fishbot_navigation2/install/setup.sh'
[1.834s] INFO:colcon.colcon_core.shell:Creating prefix script '/home/hp/src/ros/fishbot_navigation2/install/local_setup.bash'
[1.835s] INFO:colcon.colcon_core.shell:Creating prefix chain script '/home/hp/src/ros/fishbot_navigation2/install/setup.bash'
[1.850s] INFO:colcon.colcon_core.shell:Creating prefix script '/home/hp/src/ros/fishbot_navigation2/install/local_setup.zsh'
[1.850s] INFO:colcon.colcon_core.shell:Creating prefix chain script '/home/hp/src/ros/fishbot_navigation2/install/setup.zsh'
