[0.117s] Invoking command in '/home/hp/src/ros/fishbot_cartographer/build/fishbot_cartographer': CMAKE_PREFIX_PATH=${CMAKE_PREFIX_PATH}:/home/hp/src/ros/fishbot_description/install/fishbot_description:/home/hp/src/ros/install/village_li:/opt/ros/humble /usr/bin/cmake /home/hp/src/ros/fishbot_cartographer -DCMAKE_INSTALL_PREFIX=/home/hp/src/ros/fishbot_cartographer/install/fishbot_cartographer
[0.176s] -- The C compiler identification is GNU 11.4.0
[0.231s] -- The CXX compiler identification is GNU 11.4.0
[0.239s] -- Detecting C compiler ABI info
[0.321s] -- Detecting C compiler ABI info - done
[0.326s] -- Check for working C compiler: /usr/bin/cc - skipped
[0.326s] -- Detecting C compile features
[0.326s] -- Detecting C compile features - done
[0.329s] -- Detecting CXX compiler ABI info
[0.412s] -- Detecting CXX compiler ABI info - done
[0.417s] -- Check for working CXX compiler: /usr/bin/c++ - skipped
[0.418s] -- Detecting CXX compile features
[0.418s] -- Detecting CXX compile features - done
[0.421s] -- Found ament_cmake: 1.3.6 (/opt/ros/humble/share/ament_cmake/cmake)
[0.583s] -- Found Python3: /usr/bin/python3.10 (found version "3.10.12") found components: Interpreter 
[0.693s] -- Found ament_lint_auto: 0.12.9 (/opt/ros/humble/share/ament_lint_auto/cmake)
[0.769s] -- Added test 'cppcheck' to perform static code analysis on C / C++ code
[0.769s] -- Configured cppcheck include dirs: 
[0.769s] -- Configured cppcheck exclude dirs and/or files: 
[0.770s] -- Added test 'flake8' to check Python code syntax and style conventions
[0.771s] -- Added test 'lint_cmake' to check CMake code style
[0.772s] -- Added test 'pep257' to check Python code against some of the docstring style conventions in PEP 257
[0.777s] -- Added test 'uncrustify' to check C / C++ code style
[0.777s] -- Configured uncrustify additional arguments: 
[0.778s] -- Added test 'xmllint' to check XML markup files
[0.779s] -- Configuring done
[0.782s] -- Generating done
[0.783s] -- Build files have been written to: /home/hp/src/ros/fishbot_cartographer/build/fishbot_cartographer
[0.788s] Invoked command in '/home/hp/src/ros/fishbot_cartographer/build/fishbot_cartographer' returned '0': CMAKE_PREFIX_PATH=${CMAKE_PREFIX_PATH}:/home/hp/src/ros/fishbot_description/install/fishbot_description:/home/hp/src/ros/install/village_li:/opt/ros/humble /usr/bin/cmake /home/hp/src/ros/fishbot_cartographer -DCMAKE_INSTALL_PREFIX=/home/hp/src/ros/fishbot_cartographer/install/fishbot_cartographer
[0.791s] Invoking command in '/home/hp/src/ros/fishbot_cartographer/build/fishbot_cartographer': CMAKE_PREFIX_PATH=${CMAKE_PREFIX_PATH}:/home/hp/src/ros/fishbot_description/install/fishbot_description:/home/hp/src/ros/install/village_li:/opt/ros/humble /usr/bin/cmake --build /home/hp/src/ros/fishbot_cartographer/build/fishbot_cartographer -- -j16 -l16
[0.837s] Invoked command in '/home/hp/src/ros/fishbot_cartographer/build/fishbot_cartographer' returned '0': CMAKE_PREFIX_PATH=${CMAKE_PREFIX_PATH}:/home/hp/src/ros/fishbot_description/install/fishbot_description:/home/hp/src/ros/install/village_li:/opt/ros/humble /usr/bin/cmake --build /home/hp/src/ros/fishbot_cartographer/build/fishbot_cartographer -- -j16 -l16
[0.883s] Invoking command in '/home/hp/src/ros/fishbot_cartographer/build/fishbot_cartographer': CMAKE_PREFIX_PATH=${CMAKE_PREFIX_PATH}:/home/hp/src/ros/fishbot_description/install/fishbot_description:/home/hp/src/ros/install/village_li:/opt/ros/humble /usr/bin/cmake --install /home/hp/src/ros/fishbot_cartographer/build/fishbot_cartographer
[0.889s] -- Install configuration: ""
[0.889s] -- Installing: /home/hp/src/ros/fishbot_cartographer/install/fishbot_cartographer/share/fishbot_cartographer/config
[0.890s] -- Installing: /home/hp/src/ros/fishbot_cartographer/install/fishbot_cartographer/share/fishbot_cartographer/config/fishbot_2d.lua
[0.890s] -- Installing: /home/hp/src/ros/fishbot_cartographer/install/fishbot_cartographer/share/fishbot_cartographer/launch
[0.890s] -- Installing: /home/hp/src/ros/fishbot_cartographer/install/fishbot_cartographer/share/fishbot_cartographer/launch/cartographer.launch.py
[0.890s] -- Installing: /home/hp/src/ros/fishbot_cartographer/install/fishbot_cartographer/share/fishbot_cartographer/rviz
[0.890s] -- Installing: /home/hp/src/ros/fishbot_cartographer/install/fishbot_cartographer/share/ament_index/resource_index/package_run_dependencies/fishbot_cartographer
[0.890s] -- Installing: /home/hp/src/ros/fishbot_cartographer/install/fishbot_cartographer/share/ament_index/resource_index/parent_prefix_path/fishbot_cartographer
[0.891s] -- Installing: /home/hp/src/ros/fishbot_cartographer/install/fishbot_cartographer/share/fishbot_cartographer/environment/ament_prefix_path.sh
[0.891s] -- Installing: /home/hp/src/ros/fishbot_cartographer/install/fishbot_cartographer/share/fishbot_cartographer/environment/ament_prefix_path.dsv
[0.891s] -- Installing: /home/hp/src/ros/fishbot_cartographer/install/fishbot_cartographer/share/fishbot_cartographer/environment/path.sh
[0.891s] -- Installing: /home/hp/src/ros/fishbot_cartographer/install/fishbot_cartographer/share/fishbot_cartographer/environment/path.dsv
[0.891s] -- Installing: /home/hp/src/ros/fishbot_cartographer/install/fishbot_cartographer/share/fishbot_cartographer/local_setup.bash
[0.891s] -- Installing: /home/hp/src/ros/fishbot_cartographer/install/fishbot_cartographer/share/fishbot_cartographer/local_setup.sh
[0.891s] -- Installing: /home/hp/src/ros/fishbot_cartographer/install/fishbot_cartographer/share/fishbot_cartographer/local_setup.zsh
[0.891s] -- Installing: /home/hp/src/ros/fishbot_cartographer/install/fishbot_cartographer/share/fishbot_cartographer/local_setup.dsv
[0.891s] -- Installing: /home/hp/src/ros/fishbot_cartographer/install/fishbot_cartographer/share/fishbot_cartographer/package.dsv
[0.892s] -- Installing: /home/hp/src/ros/fishbot_cartographer/install/fishbot_cartographer/share/ament_index/resource_index/packages/fishbot_cartographer
[0.892s] -- Installing: /home/hp/src/ros/fishbot_cartographer/install/fishbot_cartographer/share/fishbot_cartographer/cmake/fishbot_cartographerConfig.cmake
[0.892s] -- Installing: /home/hp/src/ros/fishbot_cartographer/install/fishbot_cartographer/share/fishbot_cartographer/cmake/fishbot_cartographerConfig-version.cmake
[0.892s] -- Installing: /home/hp/src/ros/fishbot_cartographer/install/fishbot_cartographer/share/fishbot_cartographer/package.xml
[0.894s] Invoked command in '/home/hp/src/ros/fishbot_cartographer/build/fishbot_cartographer' returned '0': CMAKE_PREFIX_PATH=${CMAKE_PREFIX_PATH}:/home/hp/src/ros/fishbot_description/install/fishbot_description:/home/hp/src/ros/install/village_li:/opt/ros/humble /usr/bin/cmake --install /home/hp/src/ros/fishbot_cartographer/build/fishbot_cartographer
