[1.039s] DEBUG:colcon:Command line arguments: ['/usr/bin/colcon', 'build']
[1.039s] DEBUG:colcon:Parsed command line arguments: Namespace(log_base=None, log_level=None, verb_name='build', build_base='build', install_base='install', merge_install=False, symlink_install=False, test_result_base=None, continue_on_error=False, executor='parallel', parallel_workers=16, event_handlers=None, ignore_user_meta=False, metas=['./colcon.meta'], base_paths=['.'], packages_ignore=None, packages_ignore_regex=None, paths=None, packages_up_to=None, packages_up_to_regex=None, packages_above=None, packages_above_and_dependencies=None, packages_above_depth=None, packages_select_by_dep=None, packages_skip_by_dep=None, packages_skip_up_to=None, packages_select_build_failed=False, packages_skip_build_finished=False, packages_select_test_failures=False, packages_skip_test_passed=False, packages_select=None, packages_skip=None, packages_select_regex=None, packages_skip_regex=None, packages_start=None, packages_end=None, allow_overriding=[], cmake_args=None, cmake_target=None, cmake_target_skip_unavailable=False, cmake_clean_cache=False, cmake_clean_first=False, cmake_force_configure=False, ament_cmake_args=None, catkin_cmake_args=None, catkin_skip_building_tests=False, verb_parser=<colcon_defaults.argument_parser.defaults.DefaultArgumentsDecorator object at 0x7f2ad8241660>, verb_extension=<colcon_core.verb.build.BuildVerb object at 0x7f2ad87f3970>, main=<bound method BuildVerb.main of <colcon_core.verb.build.BuildVerb object at 0x7f2ad87f3970>>)
[1.087s] Level 1:colcon.colcon_core.package_discovery:discover_packages(colcon_meta) check parameters
[1.087s] Level 1:colcon.colcon_core.package_discovery:discover_packages(recursive) check parameters
[1.087s] Level 1:colcon.colcon_core.package_discovery:discover_packages(ignore) check parameters
[1.087s] Level 1:colcon.colcon_core.package_discovery:discover_packages(path) check parameters
[1.087s] Level 1:colcon.colcon_core.package_discovery:discover_packages(colcon_meta) discover
[1.087s] Level 1:colcon.colcon_core.package_discovery:discover_packages(recursive) discover
[1.087s] INFO:colcon.colcon_core.package_discovery:Crawling recursively for packages in '/home/hp/src/ros/fishbot_navigation2'
[1.087s] Level 1:colcon.colcon_core.package_identification:_identify(.) by extensions ['ignore', 'ignore_ament_install']
[1.087s] Level 1:colcon.colcon_core.package_identification:_identify(.) by extension 'ignore'
[1.087s] Level 1:colcon.colcon_core.package_identification:_identify(.) by extension 'ignore_ament_install'
[1.087s] Level 1:colcon.colcon_core.package_identification:_identify(.) by extensions ['colcon_pkg']
[1.087s] Level 1:colcon.colcon_core.package_identification:_identify(.) by extension 'colcon_pkg'
[1.087s] Level 1:colcon.colcon_core.package_identification:_identify(.) by extensions ['colcon_meta']
[1.087s] Level 1:colcon.colcon_core.package_identification:_identify(.) by extension 'colcon_meta'
[1.087s] Level 1:colcon.colcon_core.package_identification:_identify(.) by extensions ['ros']
[1.087s] Level 1:colcon.colcon_core.package_identification:_identify(.) by extension 'ros'
[1.097s] DEBUG:colcon.colcon_core.package_identification:Package '.' with type 'ros.ament_cmake' and name 'fishbot_navigation2'
[1.098s] Level 1:colcon.colcon_core.package_discovery:discover_packages(recursive) using defaults
[1.098s] Level 1:colcon.colcon_core.package_discovery:discover_packages(ignore) discover
[1.098s] Level 1:colcon.colcon_core.package_discovery:discover_packages(ignore) using defaults
[1.098s] Level 1:colcon.colcon_core.package_discovery:discover_packages(path) discover
[1.098s] Level 1:colcon.colcon_core.package_discovery:discover_packages(path) using defaults
[1.210s] Level 1:colcon.colcon_core.package_discovery:discover_packages(prefix_path) check parameters
[1.210s] Level 1:colcon.colcon_core.package_discovery:discover_packages(prefix_path) discover
[1.243s] DEBUG:colcon.colcon_installed_package_information.package_discovery:Found 1 installed packages in /home/hp/src/ros/fishbot_navigation2/install
[1.260s] DEBUG:colcon.colcon_installed_package_information.package_discovery:Found 1 installed packages in /home/hp/src/ros/fishbot_description/install
[1.276s] DEBUG:colcon.colcon_installed_package_information.package_discovery:Found 1 installed packages in /home/hp/src/ros/new_gazebo/install
[1.293s] DEBUG:colcon.colcon_installed_package_information.package_discovery:Found 1 installed packages in /home/hp/src/ros/fishbot_cartographer/install
[1.309s] DEBUG:colcon.colcon_installed_package_information.package_discovery:Found 2 installed packages in /home/hp/src/ros/n10/install
[1.326s] DEBUG:colcon.colcon_installed_package_information.package_discovery:Found 388 installed packages in /opt/ros/humble
[1.328s] Level 1:colcon.colcon_core.package_discovery:discover_packages(prefix_path) using defaults
[1.422s] Level 5:colcon.colcon_core.verb:set package 'fishbot_navigation2' build argument 'cmake_args' from command line to 'None'
[1.422s] Level 5:colcon.colcon_core.verb:set package 'fishbot_navigation2' build argument 'cmake_target' from command line to 'None'
[1.422s] Level 5:colcon.colcon_core.verb:set package 'fishbot_navigation2' build argument 'cmake_target_skip_unavailable' from command line to 'False'
[1.422s] Level 5:colcon.colcon_core.verb:set package 'fishbot_navigation2' build argument 'cmake_clean_cache' from command line to 'False'
[1.422s] Level 5:colcon.colcon_core.verb:set package 'fishbot_navigation2' build argument 'cmake_clean_first' from command line to 'False'
[1.422s] Level 5:colcon.colcon_core.verb:set package 'fishbot_navigation2' build argument 'cmake_force_configure' from command line to 'False'
[1.422s] Level 5:colcon.colcon_core.verb:set package 'fishbot_navigation2' build argument 'ament_cmake_args' from command line to 'None'
[1.422s] Level 5:colcon.colcon_core.verb:set package 'fishbot_navigation2' build argument 'catkin_cmake_args' from command line to 'None'
[1.422s] Level 5:colcon.colcon_core.verb:set package 'fishbot_navigation2' build argument 'catkin_skip_building_tests' from command line to 'False'
[1.422s] DEBUG:colcon.colcon_core.verb:Building package 'fishbot_navigation2' with the following arguments: {'ament_cmake_args': None, 'build_base': '/home/hp/src/ros/fishbot_navigation2/build/fishbot_navigation2', 'catkin_cmake_args': None, 'catkin_skip_building_tests': False, 'cmake_args': None, 'cmake_clean_cache': False, 'cmake_clean_first': False, 'cmake_force_configure': False, 'cmake_target': None, 'cmake_target_skip_unavailable': False, 'install_base': '/home/hp/src/ros/fishbot_navigation2/install/fishbot_navigation2', 'merge_install': False, 'path': '/home/hp/src/ros/fishbot_navigation2', 'symlink_install': False, 'test_result_base': None}
[1.438s] INFO:colcon.colcon_core.executor:Executing jobs using 'parallel' executor
[1.457s] DEBUG:colcon.colcon_parallel_executor.executor.parallel:run_until_complete
[1.457s] INFO:colcon.colcon_ros.task.ament_cmake.build:Building ROS package in '/home/hp/src/ros/fishbot_navigation2' with build type 'ament_cmake'
[1.457s] INFO:colcon.colcon_cmake.task.cmake.build:Building CMake package in '/home/hp/src/ros/fishbot_navigation2'
[1.477s] INFO:colcon.colcon_core.plugin_system:Skipping extension 'colcon_core.shell.bat': Not used on non-Windows systems
[1.477s] INFO:colcon.colcon_core.shell:Skip shell extension 'powershell' for command environment: Not usable outside of PowerShell
[1.477s] DEBUG:colcon.colcon_core.shell:Skip shell extension 'dsv' for command environment
[1.617s] DEBUG:colcon.colcon_core.event_handler.log_command:Invoking command in '/home/hp/src/ros/fishbot_navigation2/build/fishbot_navigation2': CMAKE_PREFIX_PATH=${CMAKE_PREFIX_PATH}:/home/hp/src/ros/fishbot_description/install/fishbot_description:/home/hp/src/ros/new_gazebo/install/new_gazebo:/opt/ros/humble /usr/bin/cmake --build /home/hp/src/ros/fishbot_navigation2/build/fishbot_navigation2 -- -j16 -l16
[1.899s] DEBUG:colcon.colcon_core.event_handler.log_command:Invoked command in '/home/hp/src/ros/fishbot_navigation2/build/fishbot_navigation2' returned '0': CMAKE_PREFIX_PATH=${CMAKE_PREFIX_PATH}:/home/hp/src/ros/fishbot_description/install/fishbot_description:/home/hp/src/ros/new_gazebo/install/new_gazebo:/opt/ros/humble /usr/bin/cmake --build /home/hp/src/ros/fishbot_navigation2/build/fishbot_navigation2 -- -j16 -l16
[1.938s] DEBUG:colcon.colcon_core.event_handler.log_command:Invoking command in '/home/hp/src/ros/fishbot_navigation2/build/fishbot_navigation2': CMAKE_PREFIX_PATH=${CMAKE_PREFIX_PATH}:/home/hp/src/ros/fishbot_description/install/fishbot_description:/home/hp/src/ros/new_gazebo/install/new_gazebo:/opt/ros/humble /usr/bin/cmake --install /home/hp/src/ros/fishbot_navigation2/build/fishbot_navigation2
[1.948s] Level 1:colcon.colcon_core.environment:create_environment_scripts_only(fishbot_navigation2)
[1.950s] DEBUG:colcon.colcon_core.event_handler.log_command:Invoked command in '/home/hp/src/ros/fishbot_navigation2/build/fishbot_navigation2' returned '0': CMAKE_PREFIX_PATH=${CMAKE_PREFIX_PATH}:/home/hp/src/ros/fishbot_description/install/fishbot_description:/home/hp/src/ros/new_gazebo/install/new_gazebo:/opt/ros/humble /usr/bin/cmake --install /home/hp/src/ros/fishbot_navigation2/build/fishbot_navigation2
[1.971s] Level 1:colcon.colcon_core.environment:checking '/home/hp/src/ros/fishbot_navigation2/install/fishbot_navigation2' for CMake module files
[1.971s] Level 1:colcon.colcon_core.environment:checking '/home/hp/src/ros/fishbot_navigation2/install/fishbot_navigation2' for CMake config files
[1.972s] Level 1:colcon.colcon_core.shell:create_environment_hook('fishbot_navigation2', 'cmake_prefix_path')
[1.992s] INFO:colcon.colcon_core.shell:Creating environment hook '/home/hp/src/ros/fishbot_navigation2/install/fishbot_navigation2/share/fishbot_navigation2/hook/cmake_prefix_path.ps1'
[1.992s] INFO:colcon.colcon_core.shell:Creating environment descriptor '/home/hp/src/ros/fishbot_navigation2/install/fishbot_navigation2/share/fishbot_navigation2/hook/cmake_prefix_path.dsv'
[1.993s] INFO:colcon.colcon_core.shell:Creating environment hook '/home/hp/src/ros/fishbot_navigation2/install/fishbot_navigation2/share/fishbot_navigation2/hook/cmake_prefix_path.sh'
[1.994s] Level 1:colcon.colcon_core.environment:checking '/home/hp/src/ros/fishbot_navigation2/install/fishbot_navigation2/bin'
[1.994s] Level 1:colcon.colcon_core.environment:checking '/home/hp/src/ros/fishbot_navigation2/install/fishbot_navigation2/lib/pkgconfig/fishbot_navigation2.pc'
[1.994s] Level 1:colcon.colcon_core.environment:checking '/home/hp/src/ros/fishbot_navigation2/install/fishbot_navigation2/lib/python3.10/site-packages'
[1.994s] Level 1:colcon.colcon_core.environment:checking '/home/hp/src/ros/fishbot_navigation2/install/fishbot_navigation2/bin'
[2.014s] INFO:colcon.colcon_core.shell:Creating package script '/home/hp/src/ros/fishbot_navigation2/install/fishbot_navigation2/share/fishbot_navigation2/package.ps1'
[2.015s] INFO:colcon.colcon_core.shell:Creating package descriptor '/home/hp/src/ros/fishbot_navigation2/install/fishbot_navigation2/share/fishbot_navigation2/package.dsv'
[2.016s] INFO:colcon.colcon_core.shell:Creating package script '/home/hp/src/ros/fishbot_navigation2/install/fishbot_navigation2/share/fishbot_navigation2/package.sh'
[2.016s] INFO:colcon.colcon_core.shell:Creating package script '/home/hp/src/ros/fishbot_navigation2/install/fishbot_navigation2/share/fishbot_navigation2/package.bash'
[2.017s] INFO:colcon.colcon_core.shell:Creating package script '/home/hp/src/ros/fishbot_navigation2/install/fishbot_navigation2/share/fishbot_navigation2/package.zsh'
[2.017s] Level 1:colcon.colcon_core.environment:create_file_with_runtime_dependencies(/home/hp/src/ros/fishbot_navigation2/install/fishbot_navigation2/share/colcon-core/packages/fishbot_navigation2)
[2.063s] Level 1:colcon.colcon_core.environment:create_environment_scripts_only(fishbot_navigation2)
[2.081s] Level 1:colcon.colcon_core.environment:checking '/home/hp/src/ros/fishbot_navigation2/install/fishbot_navigation2' for CMake module files
[2.081s] Level 1:colcon.colcon_core.environment:checking '/home/hp/src/ros/fishbot_navigation2/install/fishbot_navigation2' for CMake config files
[2.081s] Level 1:colcon.colcon_core.shell:create_environment_hook('fishbot_navigation2', 'cmake_prefix_path')
[2.099s] INFO:colcon.colcon_core.shell:Creating environment hook '/home/hp/src/ros/fishbot_navigation2/install/fishbot_navigation2/share/fishbot_navigation2/hook/cmake_prefix_path.ps1'
[2.099s] INFO:colcon.colcon_core.shell:Creating environment descriptor '/home/hp/src/ros/fishbot_navigation2/install/fishbot_navigation2/share/fishbot_navigation2/hook/cmake_prefix_path.dsv'
[2.099s] INFO:colcon.colcon_core.shell:Creating environment hook '/home/hp/src/ros/fishbot_navigation2/install/fishbot_navigation2/share/fishbot_navigation2/hook/cmake_prefix_path.sh'
[2.100s] Level 1:colcon.colcon_core.environment:checking '/home/hp/src/ros/fishbot_navigation2/install/fishbot_navigation2/bin'
[2.100s] Level 1:colcon.colcon_core.environment:checking '/home/hp/src/ros/fishbot_navigation2/install/fishbot_navigation2/lib/pkgconfig/fishbot_navigation2.pc'
[2.100s] Level 1:colcon.colcon_core.environment:checking '/home/hp/src/ros/fishbot_navigation2/install/fishbot_navigation2/lib/python3.10/site-packages'
[2.100s] Level 1:colcon.colcon_core.environment:checking '/home/hp/src/ros/fishbot_navigation2/install/fishbot_navigation2/bin'
[2.118s] INFO:colcon.colcon_core.shell:Creating package script '/home/hp/src/ros/fishbot_navigation2/install/fishbot_navigation2/share/fishbot_navigation2/package.ps1'
[2.118s] INFO:colcon.colcon_core.shell:Creating package descriptor '/home/hp/src/ros/fishbot_navigation2/install/fishbot_navigation2/share/fishbot_navigation2/package.dsv'
[2.119s] INFO:colcon.colcon_core.shell:Creating package script '/home/hp/src/ros/fishbot_navigation2/install/fishbot_navigation2/share/fishbot_navigation2/package.sh'
[2.119s] INFO:colcon.colcon_core.shell:Creating package script '/home/hp/src/ros/fishbot_navigation2/install/fishbot_navigation2/share/fishbot_navigation2/package.bash'
[2.120s] INFO:colcon.colcon_core.shell:Creating package script '/home/hp/src/ros/fishbot_navigation2/install/fishbot_navigation2/share/fishbot_navigation2/package.zsh'
[2.120s] Level 1:colcon.colcon_core.environment:create_file_with_runtime_dependencies(/home/hp/src/ros/fishbot_navigation2/install/fishbot_navigation2/share/colcon-core/packages/fishbot_navigation2)
[2.120s] DEBUG:colcon.colcon_parallel_executor.executor.parallel:closing loop
[2.121s] DEBUG:colcon.colcon_parallel_executor.executor.parallel:loop closed
[2.121s] DEBUG:colcon.colcon_parallel_executor.executor.parallel:run_until_complete finished with '0'
[2.121s] DEBUG:colcon.colcon_core.event_reactor:joining thread
[2.143s] INFO:colcon.colcon_core.plugin_system:Skipping extension 'colcon_notification.desktop_notification.terminal_notifier': Not used on non-Darwin systems
[2.144s] INFO:colcon.colcon_core.plugin_system:Skipping extension 'colcon_notification.desktop_notification.win32': Not used on non-Windows systems
[2.144s] INFO:colcon.colcon_notification.desktop_notification:Sending desktop notification using 'notify2'
[2.155s] DEBUG:colcon.colcon_core.event_reactor:joined thread
[2.173s] INFO:colcon.colcon_core.shell:Creating prefix script '/home/hp/src/ros/fishbot_navigation2/install/local_setup.ps1'
[2.174s] INFO:colcon.colcon_core.shell:Creating prefix util module '/home/hp/src/ros/fishbot_navigation2/install/_local_setup_util_ps1.py'
[2.175s] INFO:colcon.colcon_core.shell:Creating prefix chain script '/home/hp/src/ros/fishbot_navigation2/install/setup.ps1'
[2.193s] INFO:colcon.colcon_core.shell:Creating prefix script '/home/hp/src/ros/fishbot_navigation2/install/local_setup.sh'
[2.194s] INFO:colcon.colcon_core.shell:Creating prefix util module '/home/hp/src/ros/fishbot_navigation2/install/_local_setup_util_sh.py'
[2.194s] INFO:colcon.colcon_core.shell:Creating prefix chain script '/home/hp/src/ros/fishbot_navigation2/install/setup.sh'
[2.213s] INFO:colcon.colcon_core.shell:Creating prefix script '/home/hp/src/ros/fishbot_navigation2/install/local_setup.bash'
[2.213s] INFO:colcon.colcon_core.shell:Creating prefix chain script '/home/hp/src/ros/fishbot_navigation2/install/setup.bash'
[2.233s] INFO:colcon.colcon_core.shell:Creating prefix script '/home/hp/src/ros/fishbot_navigation2/install/local_setup.zsh'
[2.233s] INFO:colcon.colcon_core.shell:Creating prefix chain script '/home/hp/src/ros/fishbot_navigation2/install/setup.zsh'
