[0.938s] DEBUG:colcon:Command line arguments: ['/usr/bin/colcon', 'build', '--packages-select', 'fishbot_cartographer']
[0.938s] DEBUG:colcon:Parsed command line arguments: Namespace(log_base=None, log_level=None, verb_name='build', build_base='build', install_base='install', merge_install=False, symlink_install=False, test_result_base=None, continue_on_error=False, executor='parallel', parallel_workers=16, event_handlers=None, ignore_user_meta=False, metas=['./colcon.meta'], base_paths=['.'], packages_ignore=None, packages_ignore_regex=None, paths=None, packages_up_to=None, packages_up_to_regex=None, packages_above=None, packages_above_and_dependencies=None, packages_above_depth=None, packages_select_by_dep=None, packages_skip_by_dep=None, packages_skip_up_to=None, packages_select_build_failed=False, packages_skip_build_finished=False, packages_select_test_failures=False, packages_skip_test_passed=False, packages_select=['fishbot_cartographer'], packages_skip=None, packages_select_regex=None, packages_skip_regex=None, packages_start=None, packages_end=None, allow_overriding=[], cmake_args=None, cmake_target=None, cmake_target_skip_unavailable=False, cmake_clean_cache=False, cmake_clean_first=False, cmake_force_configure=False, ament_cmake_args=None, catkin_cmake_args=None, catkin_skip_building_tests=False, verb_parser=<colcon_defaults.argument_parser.defaults.DefaultArgumentsDecorator object at 0x7f486763bcd0>, verb_extension=<colcon_core.verb.build.BuildVerb object at 0x7f4867bf7af0>, main=<bound method BuildVerb.main of <colcon_core.verb.build.BuildVerb object at 0x7f4867bf7af0>>)
[0.984s] Level 1:colcon.colcon_core.package_discovery:discover_packages(colcon_meta) check parameters
[0.984s] Level 1:colcon.colcon_core.package_discovery:discover_packages(recursive) check parameters
[0.984s] Level 1:colcon.colcon_core.package_discovery:discover_packages(ignore) check parameters
[0.984s] Level 1:colcon.colcon_core.package_discovery:discover_packages(path) check parameters
[0.984s] Level 1:colcon.colcon_core.package_discovery:discover_packages(colcon_meta) discover
[0.984s] Level 1:colcon.colcon_core.package_discovery:discover_packages(recursive) discover
[0.984s] INFO:colcon.colcon_core.package_discovery:Crawling recursively for packages in '/home/hp/src/ros/fishbot_cartographer'
[0.984s] Level 1:colcon.colcon_core.package_identification:_identify(.) by extensions ['ignore', 'ignore_ament_install']
[0.984s] Level 1:colcon.colcon_core.package_identification:_identify(.) by extension 'ignore'
[0.984s] Level 1:colcon.colcon_core.package_identification:_identify(.) by extension 'ignore_ament_install'
[0.984s] Level 1:colcon.colcon_core.package_identification:_identify(.) by extensions ['colcon_pkg']
[0.984s] Level 1:colcon.colcon_core.package_identification:_identify(.) by extension 'colcon_pkg'
[0.984s] Level 1:colcon.colcon_core.package_identification:_identify(.) by extensions ['colcon_meta']
[0.984s] Level 1:colcon.colcon_core.package_identification:_identify(.) by extension 'colcon_meta'
[0.984s] Level 1:colcon.colcon_core.package_identification:_identify(.) by extensions ['ros']
[0.984s] Level 1:colcon.colcon_core.package_identification:_identify(.) by extension 'ros'
[0.995s] DEBUG:colcon.colcon_core.package_identification:Package '.' with type 'ros.ament_cmake' and name 'fishbot_cartographer'
[0.995s] Level 1:colcon.colcon_core.package_discovery:discover_packages(recursive) using defaults
[0.995s] Level 1:colcon.colcon_core.package_discovery:discover_packages(ignore) discover
[0.995s] Level 1:colcon.colcon_core.package_discovery:discover_packages(ignore) using defaults
[0.995s] Level 1:colcon.colcon_core.package_discovery:discover_packages(path) discover
[0.995s] Level 1:colcon.colcon_core.package_discovery:discover_packages(path) using defaults
[1.102s] Level 1:colcon.colcon_core.package_discovery:discover_packages(prefix_path) check parameters
[1.102s] Level 1:colcon.colcon_core.package_discovery:discover_packages(prefix_path) discover
[1.117s] WARNING:colcon.colcon_ros.prefix_path.ament:The path '/home/hp/src/ros/fishbot_cartographer/install/fishbot_cartographer' in the environment variable AMENT_PREFIX_PATH doesn't exist
[1.117s] WARNING:colcon.colcon_ros.prefix_path.catkin:The path '/home/hp/src/ros/fishbot_cartographer/install/fishbot_cartographer' in the environment variable CMAKE_PREFIX_PATH doesn't exist
[1.136s] DEBUG:colcon.colcon_installed_package_information.package_discovery:Found 1 installed packages in /home/hp/src/ros/fishbot_description/install
[1.152s] DEBUG:colcon.colcon_installed_package_information.package_discovery:Found 3 installed packages in /home/hp/src/ros/install
[1.168s] DEBUG:colcon.colcon_installed_package_information.package_discovery:Found 2 installed packages in /home/hp/src/ros/n10/install
[1.182s] DEBUG:colcon.colcon_installed_package_information.package_discovery:Found 0 installed packages in /home/hp/src/ros/fishbot_cartographer/install
[1.197s] DEBUG:colcon.colcon_installed_package_information.package_discovery:Found 385 installed packages in /opt/ros/humble
[1.199s] Level 1:colcon.colcon_core.package_discovery:discover_packages(prefix_path) using defaults
[1.283s] Level 5:colcon.colcon_core.verb:set package 'fishbot_cartographer' build argument 'cmake_args' from command line to 'None'
[1.283s] Level 5:colcon.colcon_core.verb:set package 'fishbot_cartographer' build argument 'cmake_target' from command line to 'None'
[1.283s] Level 5:colcon.colcon_core.verb:set package 'fishbot_cartographer' build argument 'cmake_target_skip_unavailable' from command line to 'False'
[1.283s] Level 5:colcon.colcon_core.verb:set package 'fishbot_cartographer' build argument 'cmake_clean_cache' from command line to 'False'
[1.283s] Level 5:colcon.colcon_core.verb:set package 'fishbot_cartographer' build argument 'cmake_clean_first' from command line to 'False'
[1.283s] Level 5:colcon.colcon_core.verb:set package 'fishbot_cartographer' build argument 'cmake_force_configure' from command line to 'False'
[1.283s] Level 5:colcon.colcon_core.verb:set package 'fishbot_cartographer' build argument 'ament_cmake_args' from command line to 'None'
[1.283s] Level 5:colcon.colcon_core.verb:set package 'fishbot_cartographer' build argument 'catkin_cmake_args' from command line to 'None'
[1.283s] Level 5:colcon.colcon_core.verb:set package 'fishbot_cartographer' build argument 'catkin_skip_building_tests' from command line to 'False'
[1.283s] DEBUG:colcon.colcon_core.verb:Building package 'fishbot_cartographer' with the following arguments: {'ament_cmake_args': None, 'build_base': '/home/hp/src/ros/fishbot_cartographer/build/fishbot_cartographer', 'catkin_cmake_args': None, 'catkin_skip_building_tests': False, 'cmake_args': None, 'cmake_clean_cache': False, 'cmake_clean_first': False, 'cmake_force_configure': False, 'cmake_target': None, 'cmake_target_skip_unavailable': False, 'install_base': '/home/hp/src/ros/fishbot_cartographer/install/fishbot_cartographer', 'merge_install': False, 'path': '/home/hp/src/ros/fishbot_cartographer', 'symlink_install': False, 'test_result_base': None}
[1.298s] INFO:colcon.colcon_core.executor:Executing jobs using 'parallel' executor
[1.314s] DEBUG:colcon.colcon_parallel_executor.executor.parallel:run_until_complete
[1.314s] INFO:colcon.colcon_ros.task.ament_cmake.build:Building ROS package in '/home/hp/src/ros/fishbot_cartographer' with build type 'ament_cmake'
[1.314s] INFO:colcon.colcon_cmake.task.cmake.build:Building CMake package in '/home/hp/src/ros/fishbot_cartographer'
[1.331s] INFO:colcon.colcon_core.plugin_system:Skipping extension 'colcon_core.shell.bat': Not used on non-Windows systems
[1.331s] INFO:colcon.colcon_core.shell:Skip shell extension 'powershell' for command environment: Not usable outside of PowerShell
[1.331s] DEBUG:colcon.colcon_core.shell:Skip shell extension 'dsv' for command environment
[1.432s] DEBUG:colcon.colcon_core.event_handler.log_command:Invoking command in '/home/hp/src/ros/fishbot_cartographer/build/fishbot_cartographer': CMAKE_PREFIX_PATH=${CMAKE_PREFIX_PATH}:/home/hp/src/ros/fishbot_description/install/fishbot_description:/home/hp/src/ros/install/village_li:/opt/ros/humble /usr/bin/cmake /home/hp/src/ros/fishbot_cartographer -DCMAKE_INSTALL_PREFIX=/home/hp/src/ros/fishbot_cartographer/install/fishbot_cartographer
[2.103s] DEBUG:colcon.colcon_core.event_handler.log_command:Invoked command in '/home/hp/src/ros/fishbot_cartographer/build/fishbot_cartographer' returned '0': CMAKE_PREFIX_PATH=${CMAKE_PREFIX_PATH}:/home/hp/src/ros/fishbot_description/install/fishbot_description:/home/hp/src/ros/install/village_li:/opt/ros/humble /usr/bin/cmake /home/hp/src/ros/fishbot_cartographer -DCMAKE_INSTALL_PREFIX=/home/hp/src/ros/fishbot_cartographer/install/fishbot_cartographer
[2.106s] DEBUG:colcon.colcon_core.event_handler.log_command:Invoking command in '/home/hp/src/ros/fishbot_cartographer/build/fishbot_cartographer': CMAKE_PREFIX_PATH=${CMAKE_PREFIX_PATH}:/home/hp/src/ros/fishbot_description/install/fishbot_description:/home/hp/src/ros/install/village_li:/opt/ros/humble /usr/bin/cmake --build /home/hp/src/ros/fishbot_cartographer/build/fishbot_cartographer -- -j16 -l16
[2.153s] DEBUG:colcon.colcon_core.event_handler.log_command:Invoked command in '/home/hp/src/ros/fishbot_cartographer/build/fishbot_cartographer' returned '0': CMAKE_PREFIX_PATH=${CMAKE_PREFIX_PATH}:/home/hp/src/ros/fishbot_description/install/fishbot_description:/home/hp/src/ros/install/village_li:/opt/ros/humble /usr/bin/cmake --build /home/hp/src/ros/fishbot_cartographer/build/fishbot_cartographer -- -j16 -l16
[2.198s] DEBUG:colcon.colcon_core.event_handler.log_command:Invoking command in '/home/hp/src/ros/fishbot_cartographer/build/fishbot_cartographer': CMAKE_PREFIX_PATH=${CMAKE_PREFIX_PATH}:/home/hp/src/ros/fishbot_description/install/fishbot_description:/home/hp/src/ros/install/village_li:/opt/ros/humble /usr/bin/cmake --install /home/hp/src/ros/fishbot_cartographer/build/fishbot_cartographer
[2.209s] Level 1:colcon.colcon_core.environment:create_environment_scripts_only(fishbot_cartographer)
[2.209s] DEBUG:colcon.colcon_core.event_handler.log_command:Invoked command in '/home/hp/src/ros/fishbot_cartographer/build/fishbot_cartographer' returned '0': CMAKE_PREFIX_PATH=${CMAKE_PREFIX_PATH}:/home/hp/src/ros/fishbot_description/install/fishbot_description:/home/hp/src/ros/install/village_li:/opt/ros/humble /usr/bin/cmake --install /home/hp/src/ros/fishbot_cartographer/build/fishbot_cartographer
[2.227s] Level 1:colcon.colcon_core.environment:checking '/home/hp/src/ros/fishbot_cartographer/install/fishbot_cartographer' for CMake module files
[2.228s] Level 1:colcon.colcon_core.environment:checking '/home/hp/src/ros/fishbot_cartographer/install/fishbot_cartographer' for CMake config files
[2.228s] Level 1:colcon.colcon_core.shell:create_environment_hook('fishbot_cartographer', 'cmake_prefix_path')
[2.244s] INFO:colcon.colcon_core.shell:Creating environment hook '/home/hp/src/ros/fishbot_cartographer/install/fishbot_cartographer/share/fishbot_cartographer/hook/cmake_prefix_path.ps1'
[2.244s] INFO:colcon.colcon_core.shell:Creating environment descriptor '/home/hp/src/ros/fishbot_cartographer/install/fishbot_cartographer/share/fishbot_cartographer/hook/cmake_prefix_path.dsv'
[2.245s] INFO:colcon.colcon_core.shell:Creating environment hook '/home/hp/src/ros/fishbot_cartographer/install/fishbot_cartographer/share/fishbot_cartographer/hook/cmake_prefix_path.sh'
[2.245s] Level 1:colcon.colcon_core.environment:checking '/home/hp/src/ros/fishbot_cartographer/install/fishbot_cartographer/bin'
[2.246s] Level 1:colcon.colcon_core.environment:checking '/home/hp/src/ros/fishbot_cartographer/install/fishbot_cartographer/lib/pkgconfig/fishbot_cartographer.pc'
[2.246s] Level 1:colcon.colcon_core.environment:checking '/home/hp/src/ros/fishbot_cartographer/install/fishbot_cartographer/lib/python3.10/site-packages'
[2.246s] Level 1:colcon.colcon_core.environment:checking '/home/hp/src/ros/fishbot_cartographer/install/fishbot_cartographer/bin'
[2.260s] INFO:colcon.colcon_core.shell:Creating package script '/home/hp/src/ros/fishbot_cartographer/install/fishbot_cartographer/share/fishbot_cartographer/package.ps1'
[2.261s] INFO:colcon.colcon_core.shell:Creating package descriptor '/home/hp/src/ros/fishbot_cartographer/install/fishbot_cartographer/share/fishbot_cartographer/package.dsv'
[2.261s] INFO:colcon.colcon_core.shell:Creating package script '/home/hp/src/ros/fishbot_cartographer/install/fishbot_cartographer/share/fishbot_cartographer/package.sh'
[2.262s] INFO:colcon.colcon_core.shell:Creating package script '/home/hp/src/ros/fishbot_cartographer/install/fishbot_cartographer/share/fishbot_cartographer/package.bash'
[2.262s] INFO:colcon.colcon_core.shell:Creating package script '/home/hp/src/ros/fishbot_cartographer/install/fishbot_cartographer/share/fishbot_cartographer/package.zsh'
[2.263s] Level 1:colcon.colcon_core.environment:create_file_with_runtime_dependencies(/home/hp/src/ros/fishbot_cartographer/install/fishbot_cartographer/share/colcon-core/packages/fishbot_cartographer)
[2.309s] Level 1:colcon.colcon_core.environment:create_environment_scripts_only(fishbot_cartographer)
[2.323s] Level 1:colcon.colcon_core.environment:checking '/home/hp/src/ros/fishbot_cartographer/install/fishbot_cartographer' for CMake module files
[2.323s] Level 1:colcon.colcon_core.environment:checking '/home/hp/src/ros/fishbot_cartographer/install/fishbot_cartographer' for CMake config files
[2.323s] Level 1:colcon.colcon_core.shell:create_environment_hook('fishbot_cartographer', 'cmake_prefix_path')
[2.340s] INFO:colcon.colcon_core.shell:Creating environment hook '/home/hp/src/ros/fishbot_cartographer/install/fishbot_cartographer/share/fishbot_cartographer/hook/cmake_prefix_path.ps1'
[2.341s] INFO:colcon.colcon_core.shell:Creating environment descriptor '/home/hp/src/ros/fishbot_cartographer/install/fishbot_cartographer/share/fishbot_cartographer/hook/cmake_prefix_path.dsv'
[2.341s] INFO:colcon.colcon_core.shell:Creating environment hook '/home/hp/src/ros/fishbot_cartographer/install/fishbot_cartographer/share/fishbot_cartographer/hook/cmake_prefix_path.sh'
[2.341s] Level 1:colcon.colcon_core.environment:checking '/home/hp/src/ros/fishbot_cartographer/install/fishbot_cartographer/bin'
[2.341s] Level 1:colcon.colcon_core.environment:checking '/home/hp/src/ros/fishbot_cartographer/install/fishbot_cartographer/lib/pkgconfig/fishbot_cartographer.pc'
[2.342s] Level 1:colcon.colcon_core.environment:checking '/home/hp/src/ros/fishbot_cartographer/install/fishbot_cartographer/lib/python3.10/site-packages'
[2.342s] Level 1:colcon.colcon_core.environment:checking '/home/hp/src/ros/fishbot_cartographer/install/fishbot_cartographer/bin'
[2.357s] INFO:colcon.colcon_core.shell:Creating package script '/home/hp/src/ros/fishbot_cartographer/install/fishbot_cartographer/share/fishbot_cartographer/package.ps1'
[2.357s] INFO:colcon.colcon_core.shell:Creating package descriptor '/home/hp/src/ros/fishbot_cartographer/install/fishbot_cartographer/share/fishbot_cartographer/package.dsv'
[2.358s] INFO:colcon.colcon_core.shell:Creating package script '/home/hp/src/ros/fishbot_cartographer/install/fishbot_cartographer/share/fishbot_cartographer/package.sh'
[2.358s] INFO:colcon.colcon_core.shell:Creating package script '/home/hp/src/ros/fishbot_cartographer/install/fishbot_cartographer/share/fishbot_cartographer/package.bash'
[2.358s] INFO:colcon.colcon_core.shell:Creating package script '/home/hp/src/ros/fishbot_cartographer/install/fishbot_cartographer/share/fishbot_cartographer/package.zsh'
[2.359s] Level 1:colcon.colcon_core.environment:create_file_with_runtime_dependencies(/home/hp/src/ros/fishbot_cartographer/install/fishbot_cartographer/share/colcon-core/packages/fishbot_cartographer)
[2.359s] DEBUG:colcon.colcon_parallel_executor.executor.parallel:closing loop
[2.359s] DEBUG:colcon.colcon_parallel_executor.executor.parallel:loop closed
[2.359s] DEBUG:colcon.colcon_parallel_executor.executor.parallel:run_until_complete finished with '0'
[2.359s] DEBUG:colcon.colcon_core.event_reactor:joining thread
[2.380s] INFO:colcon.colcon_core.plugin_system:Skipping extension 'colcon_notification.desktop_notification.terminal_notifier': Not used on non-Darwin systems
[2.380s] INFO:colcon.colcon_core.plugin_system:Skipping extension 'colcon_notification.desktop_notification.win32': Not used on non-Windows systems
[2.380s] INFO:colcon.colcon_notification.desktop_notification:Sending desktop notification using 'notify2'
[2.394s] DEBUG:colcon.colcon_core.event_reactor:joined thread
[2.410s] INFO:colcon.colcon_core.shell:Creating prefix script '/home/hp/src/ros/fishbot_cartographer/install/local_setup.ps1'
[2.410s] INFO:colcon.colcon_core.shell:Creating prefix util module '/home/hp/src/ros/fishbot_cartographer/install/_local_setup_util_ps1.py'
[2.411s] INFO:colcon.colcon_core.shell:Creating prefix chain script '/home/hp/src/ros/fishbot_cartographer/install/setup.ps1'
[2.426s] INFO:colcon.colcon_core.shell:Creating prefix script '/home/hp/src/ros/fishbot_cartographer/install/local_setup.sh'
[2.426s] INFO:colcon.colcon_core.shell:Creating prefix util module '/home/hp/src/ros/fishbot_cartographer/install/_local_setup_util_sh.py'
[2.427s] INFO:colcon.colcon_core.shell:Creating prefix chain script '/home/hp/src/ros/fishbot_cartographer/install/setup.sh'
[2.441s] INFO:colcon.colcon_core.shell:Creating prefix script '/home/hp/src/ros/fishbot_cartographer/install/local_setup.bash'
[2.441s] INFO:colcon.colcon_core.shell:Creating prefix chain script '/home/hp/src/ros/fishbot_cartographer/install/setup.bash'
[2.456s] INFO:colcon.colcon_core.shell:Creating prefix script '/home/hp/src/ros/fishbot_cartographer/install/local_setup.zsh'
[2.456s] INFO:colcon.colcon_core.shell:Creating prefix chain script '/home/hp/src/ros/fishbot_cartographer/install/setup.zsh'
