[0.120s] Invoking command in '/home/hp/src/ros/fishbot_navigation2/build/fishbot_navigation2': /usr/bin/cmake /home/hp/src/ros/fishbot_navigation2 -DCMAKE_INSTALL_PREFIX=/home/hp/src/ros/fishbot_navigation2/install/fishbot_navigation2
[0.212s] -- The C compiler identification is GNU 11.4.0
[0.289s] -- The CXX compiler identification is GNU 11.4.0
[0.298s] -- Detecting C compiler ABI info
[0.370s] -- Detecting C compiler ABI info - done
[0.375s] -- Check for working C compiler: /usr/bin/cc - skipped
[0.375s] -- Detecting C compile features
[0.376s] -- Detecting C compile features - done
[0.378s] -- Detecting CXX compiler ABI info
[0.461s] -- Detecting CXX compiler ABI info - done
[0.467s] -- Check for working CXX compiler: /usr/bin/c++ - skipped
[0.467s] -- Detecting CXX compile features
[0.467s] -- Detecting CXX compile features - done
[0.473s] -- Found ament_cmake: 1.3.6 (/opt/ros/humble/share/ament_cmake/cmake)
[0.625s] -- Found Python3: /usr/bin/python3.10 (found version "3.10.12") found components: Interpreter 
[0.721s] -- Found nav2_bringup: 1.1.12 (/opt/ros/humble/share/nav2_bringup/cmake)
[0.724s] -- Found ament_lint_auto: 0.12.9 (/opt/ros/humble/share/ament_lint_auto/cmake)
[0.764s] Error parsing '/home/hp/src/ros/fishbot_navigation2/package.xml':
[0.797s] Traceback (most recent call last):
[0.798s]   File "/opt/ros/humble/share/ament_cmake_core/cmake/core/package_xml_2_cmake.py", line 150, in <module>
[0.798s]     main()
[0.798s]   File "/opt/ros/humble/share/ament_cmake_core/cmake/core/package_xml_2_cmake.py", line 53, in main
[0.798s]     raise e
[0.798s]   File "/opt/ros/humble/share/ament_cmake_core/cmake/core/package_xml_2_cmake.py", line 49, in main
[0.798s]     package = parse_package_string(
[0.798s]   File "/usr/lib/python3/dist-packages/catkin_pkg/package.py", line 786, in parse_package_string
[0.798s]     raise InvalidPackage('Error(s):%s' % (''.join(['\n- %s' % e for e in errors])), filename)
[0.798s] catkin_pkg.package.InvalidPackage: Error(s) in package '/home/hp/src/ros/fishbot_navigation2/package.xml':
[0.798s] Error(s):
[0.798s] - The generic dependency on 'nav2_bringup' is redundant with: exec_depend
[0.811s] [31mCMake Error at /opt/ros/humble/share/ament_cmake_core/cmake/core/ament_package_xml.cmake:95 (message):
[0.811s]   execute_process(/usr/bin/python3.10
[0.811s]   /opt/ros/humble/share/ament_cmake_core/cmake/core/package_xml_2_cmake.py
[0.811s]   /home/hp/src/ros/fishbot_navigation2/package.xml
[0.811s]   /home/hp/src/ros/fishbot_navigation2/build/fishbot_navigation2/ament_cmake_core/package.cmake)
[0.811s]   returned error code 1
[0.811s] Call Stack (most recent call first):
[0.811s]   /opt/ros/humble/share/ament_cmake_core/cmake/core/ament_package_xml.cmake:49 (_ament_package_xml)
[0.811s]   /opt/ros/humble/share/ament_lint_auto/cmake/ament_lint_auto_find_test_dependencies.cmake:31 (ament_package_xml)
[0.811s]   CMakeLists.txt:21 (ament_lint_auto_find_test_dependencies)
[0.812s] 
[0.812s] [0m
[0.812s] -- Configuring incomplete, errors occurred!
[0.812s] See also "/home/hp/src/ros/fishbot_navigation2/build/fishbot_navigation2/CMakeFiles/CMakeOutput.log".
[0.816s] Invoked command in '/home/hp/src/ros/fishbot_navigation2/build/fishbot_navigation2' returned '1': /usr/bin/cmake /home/hp/src/ros/fishbot_navigation2 -DCMAKE_INSTALL_PREFIX=/home/hp/src/ros/fishbot_navigation2/install/fishbot_navigation2
