[0.128s] Invoking command in '/home/hp/src/ros/fishbot_cartographer/build/fishbot_cartographer': CMAKE_PREFIX_PATH=${CMAKE_PREFIX_PATH}:/home/hp/src/ros/fishbot_description/install/fishbot_description:/home/hp/src/ros/new_gazebo/install/new_gazebo:/opt/ros/humble /usr/bin/cmake --build /home/hp/src/ros/fishbot_cartographer/build/fishbot_cartographer -- -j16 -l16
[0.158s] -- Found ament_cmake: 1.3.6 (/opt/ros/humble/share/ament_cmake/cmake)
[0.278s] -- Found geometry_msgs: 4.2.3 (/opt/ros/humble/share/geometry_msgs/cmake)
[0.299s] -- Found rosidl_generator_c: 3.1.5 (/opt/ros/humble/share/rosidl_generator_c/cmake)
[0.300s] -- Found rosidl_adapter: 3.1.5 (/opt/ros/humble/share/rosidl_adapter/cmake)
[0.304s] -- Found rosidl_generator_cpp: 3.1.5 (/opt/ros/humble/share/rosidl_generator_cpp/cmake)
[0.313s] -- Using all available rosidl_typesupport_c: rosidl_typesupport_fastrtps_c;rosidl_typesupport_introspection_c
[0.324s] -- Using all available rosidl_typesupport_cpp: rosidl_typesupport_fastrtps_cpp;rosidl_typesupport_introspection_cpp
[0.402s] -- Found rclcpp: 16.0.7 (/opt/ros/humble/share/rclcpp/cmake)
[0.437s] -- Found rmw_implementation_cmake: 6.1.1 (/opt/ros/humble/share/rmw_implementation_cmake/cmake)
[0.438s] -- Found rmw_fastrtps_cpp: 6.2.5 (/opt/ros/humble/share/rmw_fastrtps_cpp/cmake)
[0.554s] -- Using RMW implementation 'rmw_fastrtps_cpp' as default
[0.641s] -- Found tf2: 0.25.5 (/opt/ros/humble/share/tf2/cmake)
[0.647s] -- Found tf2_ros: 0.25.5 (/opt/ros/humble/share/tf2_ros/cmake)
[0.870s] -- Found sensor_msgs: 4.2.3 (/opt/ros/humble/share/sensor_msgs/cmake)
[0.928s] -- Found ament_lint_auto: 0.12.9 (/opt/ros/humble/share/ament_lint_auto/cmake)
[0.992s] -- Added test 'cppcheck' to perform static code analysis on C / C++ code
[0.992s] -- Configured cppcheck include dirs: 
[0.992s] -- Configured cppcheck exclude dirs and/or files: 
[0.994s] -- Added test 'flake8' to check Python code syntax and style conventions
[0.997s] -- Added test 'lint_cmake' to check CMake code style
[0.999s] -- Added test 'pep257' to check Python code against some of the docstring style conventions in PEP 257
[1.012s] -- Added test 'uncrustify' to check C / C++ code style
[1.012s] -- Configured uncrustify additional arguments: 
[1.013s] -- Added test 'xmllint' to check XML markup files
[1.014s] -- Configuring done
[1.025s] -- Generating done
[1.027s] -- Build files have been written to: /home/hp/src/ros/fishbot_cartographer/build/fishbot_cartographer
[1.068s] [ 50%] [32mBuilding CXX object CMakeFiles/laser_pub.dir/src/laser_pub.cpp.o[0m
[4.228s] [100%] [32m[1mLinking CXX executable laser_pub[0m
[4.399s] [100%] Built target laser_pub
[4.410s] Invoked command in '/home/hp/src/ros/fishbot_cartographer/build/fishbot_cartographer' returned '0': CMAKE_PREFIX_PATH=${CMAKE_PREFIX_PATH}:/home/hp/src/ros/fishbot_description/install/fishbot_description:/home/hp/src/ros/new_gazebo/install/new_gazebo:/opt/ros/humble /usr/bin/cmake --build /home/hp/src/ros/fishbot_cartographer/build/fishbot_cartographer -- -j16 -l16
[4.453s] Invoking command in '/home/hp/src/ros/fishbot_cartographer/build/fishbot_cartographer': CMAKE_PREFIX_PATH=${CMAKE_PREFIX_PATH}:/home/hp/src/ros/fishbot_description/install/fishbot_description:/home/hp/src/ros/new_gazebo/install/new_gazebo:/opt/ros/humble /usr/bin/cmake --install /home/hp/src/ros/fishbot_cartographer/build/fishbot_cartographer
[4.459s] -- Install configuration: ""
[4.459s] -- Installing: /home/hp/src/ros/fishbot_cartographer/install/fishbot_cartographer/lib/fishbot_cartographer/laser_pub
[4.461s] -- Set runtime path of "/home/hp/src/ros/fishbot_cartographer/install/fishbot_cartographer/lib/fishbot_cartographer/laser_pub" to ""
[4.461s] -- Up-to-date: /home/hp/src/ros/fishbot_cartographer/install/fishbot_cartographer/share/fishbot_cartographer/config
[4.461s] -- Up-to-date: /home/hp/src/ros/fishbot_cartographer/install/fishbot_cartographer/share/fishbot_cartographer/config/fishbot_2d.lua
[4.461s] -- Up-to-date: /home/hp/src/ros/fishbot_cartographer/install/fishbot_cartographer/share/fishbot_cartographer/launch
[4.461s] -- Up-to-date: /home/hp/src/ros/fishbot_cartographer/install/fishbot_cartographer/share/fishbot_cartographer/launch/cartographer.launch.py
[4.461s] -- Up-to-date: /home/hp/src/ros/fishbot_cartographer/install/fishbot_cartographer/share/fishbot_cartographer/rviz
[4.461s] -- Up-to-date: /home/hp/src/ros/fishbot_cartographer/install/fishbot_cartographer/share/ament_index/resource_index/package_run_dependencies/fishbot_cartographer
[4.461s] -- Installing: /home/hp/src/ros/fishbot_cartographer/install/fishbot_cartographer/share/ament_index/resource_index/parent_prefix_path/fishbot_cartographer
[4.461s] -- Up-to-date: /home/hp/src/ros/fishbot_cartographer/install/fishbot_cartographer/share/fishbot_cartographer/environment/ament_prefix_path.sh
[4.461s] -- Installing: /home/hp/src/ros/fishbot_cartographer/install/fishbot_cartographer/share/fishbot_cartographer/environment/ament_prefix_path.dsv
[4.461s] -- Up-to-date: /home/hp/src/ros/fishbot_cartographer/install/fishbot_cartographer/share/fishbot_cartographer/environment/path.sh
[4.462s] -- Installing: /home/hp/src/ros/fishbot_cartographer/install/fishbot_cartographer/share/fishbot_cartographer/environment/path.dsv
[4.462s] -- Up-to-date: /home/hp/src/ros/fishbot_cartographer/install/fishbot_cartographer/share/fishbot_cartographer/local_setup.bash
[4.462s] -- Up-to-date: /home/hp/src/ros/fishbot_cartographer/install/fishbot_cartographer/share/fishbot_cartographer/local_setup.sh
[4.462s] -- Up-to-date: /home/hp/src/ros/fishbot_cartographer/install/fishbot_cartographer/share/fishbot_cartographer/local_setup.zsh
[4.462s] -- Installing: /home/hp/src/ros/fishbot_cartographer/install/fishbot_cartographer/share/fishbot_cartographer/local_setup.dsv
[4.462s] -- Installing: /home/hp/src/ros/fishbot_cartographer/install/fishbot_cartographer/share/fishbot_cartographer/package.dsv
[4.462s] -- Up-to-date: /home/hp/src/ros/fishbot_cartographer/install/fishbot_cartographer/share/ament_index/resource_index/packages/fishbot_cartographer
[4.462s] -- Up-to-date: /home/hp/src/ros/fishbot_cartographer/install/fishbot_cartographer/share/fishbot_cartographer/cmake/fishbot_cartographerConfig.cmake
[4.462s] -- Up-to-date: /home/hp/src/ros/fishbot_cartographer/install/fishbot_cartographer/share/fishbot_cartographer/cmake/fishbot_cartographerConfig-version.cmake
[4.462s] -- Up-to-date: /home/hp/src/ros/fishbot_cartographer/install/fishbot_cartographer/share/fishbot_cartographer/package.xml
[4.464s] Invoked command in '/home/hp/src/ros/fishbot_cartographer/build/fishbot_cartographer' returned '0': CMAKE_PREFIX_PATH=${CMAKE_PREFIX_PATH}:/home/hp/src/ros/fishbot_description/install/fishbot_description:/home/hp/src/ros/new_gazebo/install/new_gazebo:/opt/ros/humble /usr/bin/cmake --install /home/hp/src/ros/fishbot_cartographer/build/fishbot_cartographer
