[0.121s] Invoking command in '/home/hp/src/ros/fishbot_navigation2/build/fishbot_navigation2': /usr/bin/cmake /home/hp/src/ros/fishbot_navigation2 -DCMAKE_INSTALL_PREFIX=/home/hp/src/ros/fishbot_navigation2/install/fishbot_navigation2
[0.133s] -- Found ament_cmake: 1.3.6 (/opt/ros/humble/share/ament_cmake/cmake)
[0.258s] -- Found nav2_bringup: 1.1.12 (/opt/ros/humble/share/nav2_bringup/cmake)
[0.258s] -- Found ament_lint_auto: 0.12.9 (/opt/ros/humble/share/ament_lint_auto/cmake)
[0.300s] Error parsing '/home/hp/src/ros/fishbot_navigation2/package.xml':
[0.334s] Traceback (most recent call last):
[0.334s]   File "/opt/ros/humble/share/ament_cmake_core/cmake/core/package_xml_2_cmake.py", line 150, in <module>
[0.334s]     main()
[0.334s]   File "/opt/ros/humble/share/ament_cmake_core/cmake/core/package_xml_2_cmake.py", line 53, in main
[0.334s]     raise e
[0.334s]   File "/opt/ros/humble/share/ament_cmake_core/cmake/core/package_xml_2_cmake.py", line 49, in main
[0.335s]     package = parse_package_string(
[0.335s]   File "/usr/lib/python3/dist-packages/catkin_pkg/package.py", line 788, in parse_package_string
[0.335s]     pkg.validate(warnings=warnings)
[0.335s]   File "/usr/lib/python3/dist-packages/catkin_pkg/package.py", line 330, in validate
[0.335s]     raise InvalidPackage('\n'.join(errors), self.filename)
[0.335s] catkin_pkg.package.InvalidPackage: Error(s) in package '/home/hp/src/ros/fishbot_navigation2/package.xml':
[0.335s] Invalid email "your email" for person "hp"
[0.347s] [31mCMake Error at /opt/ros/humble/share/ament_cmake_core/cmake/core/ament_package_xml.cmake:95 (message):
[0.347s]   execute_process(/usr/bin/python3.10
[0.348s]   /opt/ros/humble/share/ament_cmake_core/cmake/core/package_xml_2_cmake.py
[0.348s]   /home/hp/src/ros/fishbot_navigation2/package.xml
[0.348s]   /home/hp/src/ros/fishbot_navigation2/build/fishbot_navigation2/ament_cmake_core/package.cmake)
[0.348s]   returned error code 1
[0.348s] Call Stack (most recent call first):
[0.348s]   /opt/ros/humble/share/ament_cmake_core/cmake/core/ament_package_xml.cmake:49 (_ament_package_xml)
[0.348s]   /opt/ros/humble/share/ament_lint_auto/cmake/ament_lint_auto_find_test_dependencies.cmake:31 (ament_package_xml)
[0.348s]   CMakeLists.txt:21 (ament_lint_auto_find_test_dependencies)
[0.348s] 
[0.348s] [0m
[0.348s] -- Configuring incomplete, errors occurred!
[0.349s] See also "/home/hp/src/ros/fishbot_navigation2/build/fishbot_navigation2/CMakeFiles/CMakeOutput.log".
[0.354s] Invoked command in '/home/hp/src/ros/fishbot_navigation2/build/fishbot_navigation2' returned '1': /usr/bin/cmake /home/hp/src/ros/fishbot_navigation2 -DCMAKE_INSTALL_PREFIX=/home/hp/src/ros/fishbot_navigation2/install/fishbot_navigation2
