[0.134s] Invoking command in '/home/hp/src/ros/fishbot_navigation2/build/fishbot_navigation2': CMAKE_PREFIX_PATH=${CMAKE_PREFIX_PATH}:/home/hp/src/ros/fishbot_description/install/fishbot_description:/home/hp/src/ros/new_gazebo/install/new_gazebo:/opt/ros/humble /usr/bin/cmake --build /home/hp/src/ros/fishbot_navigation2/build/fishbot_navigation2 -- -j16 -l16
[0.178s] -- Found ament_cmake: 1.3.7 (/opt/ros/humble/share/ament_cmake/cmake)
[0.313s] -- Found rclcpp: 16.0.8 (/opt/ros/humble/share/rclcpp/cmake)
[0.366s] -- Found rosidl_generator_c: 3.1.5 (/opt/ros/humble/share/rosidl_generator_c/cmake)
[0.372s] -- Found rosidl_adapter: 3.1.5 (/opt/ros/humble/share/rosidl_adapter/cmake)
[0.382s] -- Found rosidl_generator_cpp: 3.1.5 (/opt/ros/humble/share/rosidl_generator_cpp/cmake)
[0.397s] -- Using all available rosidl_typesupport_c: rosidl_typesupport_fastrtps_c;rosidl_typesupport_introspection_c
[0.417s] -- Using all available rosidl_typesupport_cpp: rosidl_typesupport_fastrtps_cpp;rosidl_typesupport_introspection_cpp
[0.485s] -- Found rmw_implementation_cmake: 6.1.1 (/opt/ros/humble/share/rmw_implementation_cmake/cmake)
[0.489s] -- Found rmw_fastrtps_cpp: 6.2.6 (/opt/ros/humble/share/rmw_fastrtps_cpp/cmake)
[0.609s] -- Found OpenSSL: /usr/lib/x86_64-linux-gnu/libcrypto.so (found version "3.0.2")  
[0.641s] -- Found FastRTPS: /opt/ros/humble/include  
[0.690s] -- Using RMW implementation 'rmw_fastrtps_cpp' as default
[0.703s] -- Looking for pthread.h
[0.793s] -- Looking for pthread.h - found
[0.794s] -- Performing Test CMAKE_HAVE_LIBC_PTHREAD
[0.865s] -- Performing Test CMAKE_HAVE_LIBC_PTHREAD - Success
[0.866s] -- Found Threads: TRUE  
[0.990s] -- Found rclcpp_action: 16.0.8 (/opt/ros/humble/share/rclcpp_action/cmake)
[1.076s] -- Found nav2_msgs: 1.1.12 (/opt/ros/humble/share/nav2_msgs/cmake)
[1.300s] -- Found ament_lint_auto: 0.12.10 (/opt/ros/humble/share/ament_lint_auto/cmake)
[1.369s] -- Added test 'cppcheck' to perform static code analysis on C / C++ code
[1.369s] -- Configured cppcheck include dirs: 
[1.369s] -- Configured cppcheck exclude dirs and/or files: 
[1.371s] -- Added test 'flake8' to check Python code syntax and style conventions
[1.375s] -- Added test 'lint_cmake' to check CMake code style
[1.376s] -- Added test 'pep257' to check Python code against some of the docstring style conventions in PEP 257
[1.389s] -- Added test 'uncrustify' to check C / C++ code style
[1.389s] -- Configured uncrustify additional arguments: 
[1.391s] -- Added test 'xmllint' to check XML markup files
[1.392s] -- Configuring done
[1.404s] -- Generating done
[1.406s] -- Build files have been written to: /home/hp/src/ros/fishbot_navigation2/build/fishbot_navigation2
[1.444s] [ 50%] [32mBuilding CXX object CMakeFiles/nav_to_pose.dir/src/nav_to_pose.cpp.o[0m
[4.449s] [100%] [32m[1mLinking CXX executable nav_to_pose[0m
[4.595s] [100%] Built target nav_to_pose
[4.606s] Invoked command in '/home/hp/src/ros/fishbot_navigation2/build/fishbot_navigation2' returned '0': CMAKE_PREFIX_PATH=${CMAKE_PREFIX_PATH}:/home/hp/src/ros/fishbot_description/install/fishbot_description:/home/hp/src/ros/new_gazebo/install/new_gazebo:/opt/ros/humble /usr/bin/cmake --build /home/hp/src/ros/fishbot_navigation2/build/fishbot_navigation2 -- -j16 -l16
[4.650s] Invoking command in '/home/hp/src/ros/fishbot_navigation2/build/fishbot_navigation2': CMAKE_PREFIX_PATH=${CMAKE_PREFIX_PATH}:/home/hp/src/ros/fishbot_description/install/fishbot_description:/home/hp/src/ros/new_gazebo/install/new_gazebo:/opt/ros/humble /usr/bin/cmake --install /home/hp/src/ros/fishbot_navigation2/build/fishbot_navigation2
[4.656s] -- Install configuration: ""
[4.657s] -- Installing: /home/hp/src/ros/fishbot_navigation2/install/fishbot_navigation2/lib/fishbot_navigation2/nav_to_pose
[4.658s] -- Set runtime path of "/home/hp/src/ros/fishbot_navigation2/install/fishbot_navigation2/lib/fishbot_navigation2/nav_to_pose" to ""
[4.658s] -- Up-to-date: /home/hp/src/ros/fishbot_navigation2/install/fishbot_navigation2/share/fishbot_navigation2/launch
[4.658s] -- Installing: /home/hp/src/ros/fishbot_navigation2/install/fishbot_navigation2/share/fishbot_navigation2/launch/go.launch.py
[4.658s] -- Up-to-date: /home/hp/src/ros/fishbot_navigation2/install/fishbot_navigation2/share/fishbot_navigation2/param
[4.658s] -- Up-to-date: /home/hp/src/ros/fishbot_navigation2/install/fishbot_navigation2/share/fishbot_navigation2/param/fishbot_nav2.yaml
[4.658s] -- Up-to-date: /home/hp/src/ros/fishbot_navigation2/install/fishbot_navigation2/share/fishbot_navigation2/maps
[4.658s] -- Up-to-date: /home/hp/src/ros/fishbot_navigation2/install/fishbot_navigation2/share/fishbot_navigation2/maps/fishbot_map.pgm
[4.658s] -- Up-to-date: /home/hp/src/ros/fishbot_navigation2/install/fishbot_navigation2/share/fishbot_navigation2/maps/fishbot_map.yaml
[4.658s] -- Up-to-date: /home/hp/src/ros/fishbot_navigation2/install/fishbot_navigation2/share/ament_index/resource_index/package_run_dependencies/fishbot_navigation2
[4.658s] -- Up-to-date: /home/hp/src/ros/fishbot_navigation2/install/fishbot_navigation2/share/ament_index/resource_index/parent_prefix_path/fishbot_navigation2
[4.658s] -- Installing: /home/hp/src/ros/fishbot_navigation2/install/fishbot_navigation2/share/fishbot_navigation2/environment/ament_prefix_path.sh
[4.658s] -- Installing: /home/hp/src/ros/fishbot_navigation2/install/fishbot_navigation2/share/fishbot_navigation2/environment/ament_prefix_path.dsv
[4.658s] -- Installing: /home/hp/src/ros/fishbot_navigation2/install/fishbot_navigation2/share/fishbot_navigation2/environment/path.sh
[4.659s] -- Installing: /home/hp/src/ros/fishbot_navigation2/install/fishbot_navigation2/share/fishbot_navigation2/environment/path.dsv
[4.659s] -- Up-to-date: /home/hp/src/ros/fishbot_navigation2/install/fishbot_navigation2/share/fishbot_navigation2/local_setup.bash
[4.659s] -- Up-to-date: /home/hp/src/ros/fishbot_navigation2/install/fishbot_navigation2/share/fishbot_navigation2/local_setup.sh
[4.659s] -- Up-to-date: /home/hp/src/ros/fishbot_navigation2/install/fishbot_navigation2/share/fishbot_navigation2/local_setup.zsh
[4.659s] -- Installing: /home/hp/src/ros/fishbot_navigation2/install/fishbot_navigation2/share/fishbot_navigation2/local_setup.dsv
[4.659s] -- Installing: /home/hp/src/ros/fishbot_navigation2/install/fishbot_navigation2/share/fishbot_navigation2/package.dsv
[4.659s] -- Up-to-date: /home/hp/src/ros/fishbot_navigation2/install/fishbot_navigation2/share/ament_index/resource_index/packages/fishbot_navigation2
[4.659s] -- Up-to-date: /home/hp/src/ros/fishbot_navigation2/install/fishbot_navigation2/share/fishbot_navigation2/cmake/fishbot_navigation2Config.cmake
[4.659s] -- Up-to-date: /home/hp/src/ros/fishbot_navigation2/install/fishbot_navigation2/share/fishbot_navigation2/cmake/fishbot_navigation2Config-version.cmake
[4.659s] -- Up-to-date: /home/hp/src/ros/fishbot_navigation2/install/fishbot_navigation2/share/fishbot_navigation2/package.xml
[4.661s] Invoked command in '/home/hp/src/ros/fishbot_navigation2/build/fishbot_navigation2' returned '0': CMAKE_PREFIX_PATH=${CMAKE_PREFIX_PATH}:/home/hp/src/ros/fishbot_description/install/fishbot_description:/home/hp/src/ros/new_gazebo/install/new_gazebo:/opt/ros/humble /usr/bin/cmake --install /home/hp/src/ros/fishbot_navigation2/build/fishbot_navigation2
